****************************************
Report : timing
	-path_type full
	-delay_type max
	-max_paths 1
	-sort_by slack
Design : top
Version: T-2022.03-SP5
Date   : Fri Dec  8 20:41:58 2023
****************************************


  Startpoint: inp[29] (input port clocked by clk)
  Endpoint: out[1] (output port clocked by clk)
  Path Group: clk
  Path Type: max

  Point                                    Incr       Path
  ---------------------------------------------------------------
  clock clk (rise edge)                    0.00       0.00
  clock network delay (ideal)              0.00       0.00
  input external delay                     0.00       0.00 f
  inp[29] (in)                             0.00       0.00 f
  U765/Y (INVX1)                       582656.00  582656.00 r
  U1250/Y (NAND2X1)                    1051904.00 1634560.00 f
  U1251/Y (AND2X1)                     2243360.00 3877920.00 f
  U1254/Y (NAND2X1)                    874736.00  4752656.00 r
  U1371/Y (NAND2X1)                    848688.00  5601344.00 f
  U1373/Y (NAND2X1)                    1389936.00 6991280.00 r
  U1376/Y (XOR2X1)                     4835360.00 11826640.00 f
  U1521/Y (XOR2X1)                     5105856.00 16932496.00 r
  U1522/Y (XOR2X1)                     4768544.00 21701040.00 f
  U1524/Y (XOR2X1)                     5727568.00 27428608.00 r
  U1527/Y (XOR2X1)                     4336336.00 31764944.00 f
  U1528/Y (XOR2X1)                     5963296.00 37728240.00 r
  U1529/Y (INVX1)                      1252992.00 38981232.00 f
  U1530/Y (NAND2X1)                    1283936.00 40265168.00 r
  U1532/Y (NAND2X1)                    932448.00  41197616.00 f
  U1544/Y (NAND2X1)                    881296.00  42078912.00 r
  U505/Y (AND2X1)                      1819104.00 43898016.00 r
  U506/Y (INVX1)                       715232.00  44613248.00 f
  U460/Y (NAND2X1)                     1303344.00 45916592.00 r
  U1558/Y (OR2X1)                      2349328.00 48265920.00 r
  U503/Y (AND2X1)                      1876288.00 50142208.00 r
  U504/Y (INVX1)                       715232.00  50857440.00 f
  U1569/Y (NAND2X1)                    935728.00  51793168.00 r
  U1573/Y (OR2X1)                      2563136.00 54356304.00 r
  U275/Y (AND2X1)                      1876288.00 56232592.00 r
  U276/Y (INVX1)                       715232.00  56947824.00 f
  U1577/Y (NAND2X1)                    930064.00  57877888.00 r
  U1578/Y (NAND2X1)                    1151200.00 59029088.00 f
  U1580/Y (NAND2X1)                    891248.00  59920336.00 r
  U1581/Y (NAND2X1)                    1151232.00 61071568.00 f
  U486/Y (AND2X1)                      2045984.00 63117552.00 f
  U487/Y (INVX1)                       -1254624.00
                                                  61862928.00 r
  U1589/Y (OR2X1)                      1650832.00 63513760.00 r
  U1590/Y (NAND2X1)                    1061056.00 64574816.00 f
  U488/Y (AND2X1)                      2044280.00 66619096.00 f
  U489/Y (INVX1)                       -1340456.00
                                                  65278640.00 r
  U1592/Y (NAND2X1)                    927128.00  66205768.00 f
  U409/Y (INVX1)                       226416.00  66432184.00 r
  U410/Y (INVX1)                       646936.00  67079120.00 f
  U1604/Y (NOR2X1)                     1157744.00 68236864.00 r
  U1609/Y (OR2X1)                      2203808.00 70440672.00 r
  U1611/Y (NAND2X1)                    806480.00  71247152.00 f
  U428/Y (XNOR2X1)                     4361640.00 75608792.00 r
  U429/Y (INVX1)                       991328.00  76600120.00 f
  U458/Y (NAND2X1)                     1782488.00 78382608.00 r
  U418/Y (INVX1)                       1241256.00 79623864.00 f
  U419/Y (INVX1)                       967992.00  80591856.00 r
  U1649/Y (INVX1)                      648936.00  81240792.00 f
  U1917/Y (XOR2X1)                     5583792.00 86824584.00 r
  U393/Y (XNOR2X1)                     6334432.00 93159016.00 r
  U394/Y (INVX1)                       839928.00  93998944.00 f
  U1971/Y (XOR2X1)                     4954048.00 98952992.00 r
  U695/Y (XNOR2X1)                     5484488.00 104437480.00 r
  U696/Y (INVX1)                       960832.00  105398312.00 f
  U2016/Y (XOR2X1)                     2986656.00 108384968.00 f
  U2017/Y (XOR2X1)                     5085400.00 113470368.00 r
  U619/Y (AND2X1)                      2173544.00 115643912.00 r
  U620/Y (INVX1)                       715896.00  116359808.00 f
  U2019/Y (NAND2X1)                    1297384.00 117657192.00 r
  U2020/Y (NAND2X1)                    1127400.00 118784592.00 f
  U2022/Y (NAND2X1)                    898648.00  119683240.00 r
  U2027/Y (OR2X1)                      2654104.00 122337344.00 r
  U2028/Y (NAND2X1)                    1216208.00 123553552.00 f
  U381/Y (INVX1)                       235288.00  123788840.00 r
  U382/Y (INVX1)                       646680.00  124435520.00 f
  U2116/Y (NAND2X1)                    1286120.00 125721640.00 r
  U472/Y (AND2X1)                      1818680.00 127540320.00 r
  U473/Y (INVX1)                       708976.00  128249296.00 f
  U2118/Y (OR2X1)                      2115208.00 130364504.00 f
  U2122/Y (NAND2X1)                    870720.00  131235224.00 r
  U2124/Y (AND2X1)                     1795400.00 133030624.00 r
  U2125/Y (INVX1)                      716240.00  133746864.00 f
  U2126/Y (OR2X1)                      2115216.00 135862080.00 f
  U2131/Y (NAND2X1)                    870752.00  136732832.00 r
  U2133/Y (NAND2X1)                    869056.00  137601888.00 f
  U2138/Y (NAND2X1)                    881184.00  138483072.00 r
  U611/Y (AND2X1)                      1818656.00 140301728.00 r
  U612/Y (INVX1)                       715024.00  141016752.00 f
  U2141/Y (NAND2X1)                    1357296.00 142374048.00 r
  U407/Y (INVX1)                       1079376.00 143453424.00 f
  U408/Y (INVX1)                       457776.00  143911200.00 r
  U2145/Y (OR2X1)                      1662240.00 145573440.00 r
  U2146/Y (NAND2X1)                    1062976.00 146636416.00 f
  U2153/Y (OR2X1)                      2092032.00 148728448.00 f
  U2154/Y (NAND2X1)                    1748384.00 150476832.00 r
  U375/Y (INVX1)                       1079376.00 151556208.00 f
  U376/Y (INVX1)                       457600.00  152013808.00 r
  U2155/Y (NAND2X1)                    1052976.00 153066784.00 f
  U507/Y (AND2X1)                      2441872.00 155508656.00 f
  U508/Y (INVX1)                       -1292000.00
                                                  154216656.00 r
  U2158/Y (NAND2X1)                    928784.00  155145440.00 f
  U2159/Y (INVX1)                      -550272.00 154595168.00 r
  U746/Y (NOR2X1)                      549856.00  155145024.00 f
  U2162/Y (NAND2X1)                    1747744.00 156892768.00 r
  U2163/Y (INVX1)                      1136640.00 158029408.00 f
  U2164/Y (INVX1)                      532544.00  158561952.00 r
  U2501/Y (AND2X1)                     2199936.00 160761888.00 r
  U2511/Y (NAND2X1)                    835280.00  161597168.00 f
  U2512/Y (NAND2X1)                    1380496.00 162977664.00 r
  U2513/Y (NAND2X1)                    1151008.00 164128672.00 f
  U2516/Y (NAND2X1)                    879616.00  165008288.00 r
  U2517/Y (NAND2X1)                    1151008.00 166159296.00 f
  U2520/Y (NAND2X1)                    879616.00  167038912.00 r
  U2521/Y (NAND2X1)                    1151008.00 168189920.00 f
  U2547/Y (NAND2X1)                    879584.00  169069504.00 r
  U2553/Y (NAND2X1)                    874624.00  169944128.00 f
  U2574/Y (NAND2X1)                    881200.00  170825328.00 r
  U2580/Y (NAND2X1)                    874608.00  171699936.00 f
  U2581/Y (NAND2X1)                    1394768.00 173094704.00 r
  U2594/Y (NAND2X1)                    866000.00  173960704.00 f
  U494/Y (AND2X1)                      1853936.00 175814640.00 f
  U492/Y (NOR2X1)                      1213568.00 177028208.00 r
  U2652/Y (NAND2X1)                    928768.00  177956976.00 f
  U2653/Y (INVX1)                      -537664.00 177419312.00 r
  U2660/Y (AND2X1)                     1902624.00 179321936.00 r
  U2662/Y (INVX1)                      724144.00  180046080.00 f
  U2713/Y (NAND2X1)                    918352.00  180964432.00 r
  U2714/Y (AND2X1)                     2160144.00 183124576.00 r
  U533/Y (AND2X1)                      2181008.00 185305584.00 r
  U534/Y (INVX1)                       713472.00  186019056.00 f
  U2722/Y (NAND2X1)                    918864.00  186937920.00 r
  U2723/Y (NAND2X1)                    1151008.00 188088928.00 f
  U2726/Y (NAND2X1)                    879600.00  188968528.00 r
  U2727/Y (NAND2X1)                    1151008.00 190119536.00 f
  U2730/Y (NAND2X1)                    879600.00  190999136.00 r
  U2731/Y (NAND2X1)                    1151008.00 192150144.00 f
  U2751/Y (NAND2X1)                    879600.00  193029744.00 r
  U2758/Y (NAND2X1)                    1168480.00 194198224.00 f
  U2779/Y (NAND2X1)                    878464.00  195076688.00 r
  U481/Y (NAND2X1)                     874624.00  195951312.00 f
  U482/Y (AND2X1)                      1853888.00 197805200.00 f
  U2809/Y (NAND2X1)                    862128.00  198667328.00 r
  U2813/Y (AND2X1)                     686576.00  199353904.00 r
  out[1] (out)                             0.00   199353904.00 r
  data arrival time                               199353904.00

  clock clk (rise edge)                200000000.00
                                                  200000000.00
  clock network delay (ideal)              0.00   200000000.00
  clock reconvergence pessimism            0.00   200000000.00
  output external delay                    0.00   200000000.00
  data required time                              200000000.00
  ---------------------------------------------------------------
  data required time                              200000000.00
  data arrival time                               -199353904.00
  ---------------------------------------------------------------
  slack (MET)                                     646096.00


1
