Information: Updating design information... (UID-85)
 
****************************************
Report : qor
Design : top
Version: S-2021.06-SP2
Date   : Fri Dec  8 20:41:43 2023
****************************************


  Timing Path Group 'clk'
  -----------------------------------
  Levels of Logic:             133.00
  Critical Path Length:  199354128.00
  Critical Path Slack:      645872.00
  Critical Path Clk Period:
                         200000000.00
  Total Negative Slack:          0.00
  No. of Violating Paths:        0.00
  Worst Hold Violation:          0.00
  Total Hold Violation:          0.00
  No. of Hold Violations:        0.00
  -----------------------------------


  Cell Count
  -----------------------------------
  Hierarchical Cell Count:          0
  Hierarchical Port Count:          0
  Leaf Cell Count:               2624
  Buf/Inv Cell Count:             613
  Buf Cell Count:                   0
  Inv Cell Count:                 613
  CT Buf/Inv Cell Count:            0
  Combinational Cell Count:      2624
  Sequential Cell Count:            0
  Macro Count:                      0
  -----------------------------------


  Area
  -----------------------------------
  Combinational Area:
                     988152536.000000
  Noncombinational Area:     0.000000
  Buf/Inv Area:      140021460.000000
  Total Buffer Area:             0.00
  Total Inverter Area:   140021460.00
  Macro/Black Box Area:      0.000000
  Net Area:                  0.000000
  -----------------------------------
  Cell Area:         988152536.000000
  Design Area:       988152536.000000


  Design Rules
  -----------------------------------
  Total Number of Nets:          2656
  Nets With Violations:          2624
  Max Trans Violations:          2624
  Max Cap Violations:               0
  -----------------------------------


  Hostname: kamino.ceid.upatras.gr

  Compile CPU Statistics
  -----------------------------------------
  Resource Sharing:                    0.79
  Logic Optimization:                  0.17
  Mapping Optimization:                1.70
  -----------------------------------------
  Overall Compile Time:                6.44
  Overall Compile Wall Clock Time:     6.83

  --------------------------------------------------------------------

  Design  WNS: 0.00  TNS: 0.00  Number of Violating Paths: 0


  Design (Hold)  WNS: 0.00  TNS: 0.00  Number of Violating Paths: 0

  --------------------------------------------------------------------


1
