 
****************************************
Report : timing
        -path full
        -delay max
        -max_paths 1
Design : top
Version: S-2021.06-SP2
Date   : Fri Dec  8 20:41:43 2023
****************************************

Operating Conditions: TT   Library: PPDK_Standard_Library_1.0V_25C_TYP_X1
Wire Load Model Mode: top

  Startpoint: inp[29] (input port clocked by clk)
  Endpoint: out[1] (output port clocked by clk)
  Path Group: clk
  Path Type: max

  Point                                    Incr       Path
  -----------------------------------------------------------
  clock clk (rise edge)                    0.00       0.00
  clock network delay (ideal)              0.00       0.00
  input external delay                     0.00       0.00 f
  inp[29] (in)                             0.00       0.00 f
  U765/Y (INVX1)                       582658.56  582658.56 r
  U1250/Y (NAND2X1)                    1051893.25 1634551.75 f
  U1251/Y (AND2X1)                     2243359.25 3877911.00 f
  U1254/Y (NAND2X1)                    874750.00  4752661.00 r
  U1371/Y (NAND2X1)                    848687.50  5601348.50 f
  U1373/Y (NAND2X1)                    1389943.00 6991291.50 r
  U1376/Y (XOR2X1)                     4835337.50 11826629.00 f
  U1521/Y (XOR2X1)                     5105843.00 16932472.00 r
  U1522/Y (XOR2X1)                     4768552.00 21701024.00 f
  U1524/Y (XOR2X1)                     5727684.00 27428708.00 r
  U1527/Y (XOR2X1)                     4336278.00 31764986.00 f
  U1528/Y (XOR2X1)                     5963274.00 37728260.00 r
  U1529/Y (INVX1)                      1252976.00 38981236.00 f
  U1530/Y (NAND2X1)                    1283932.00 40265168.00 r
  U1532/Y (NAND2X1)                    932436.00  41197604.00 f
  U1544/Y (NAND2X1)                    881304.00  42078908.00 r
  U505/Y (AND2X1)                      1819096.00 43898004.00 r
  U506/Y (INVX1)                       715232.00  44613236.00 f
  U460/Y (NAND2X1)                     1303348.00 45916584.00 r
  U1558/Y (OR2X1)                      2349320.00 48265904.00 r
  U503/Y (AND2X1)                      1876284.00 50142188.00 r
  U504/Y (INVX1)                       715228.00  50857416.00 f
  U1569/Y (NAND2X1)                    935724.00  51793140.00 r
  U1573/Y (OR2X1)                      2563140.00 54356280.00 r
  U275/Y (AND2X1)                      1876284.00 56232564.00 r
  U276/Y (INVX1)                       715224.00  56947788.00 f
  U1577/Y (NAND2X1)                    930060.00  57877848.00 r
  U1578/Y (NAND2X1)                    1151220.00 59029068.00 f
  U1580/Y (NAND2X1)                    891236.00  59920304.00 r
  U1581/Y (NAND2X1)                    1151216.00 61071520.00 f
  U486/Y (AND2X1)                      2045992.00 63117512.00 f
  U487/Y (INVX1)                       -1254616.00
                                                  61862896.00 r
  U1589/Y (OR2X1)                      1650832.00 63513728.00 r
  U1590/Y (NAND2X1)                    1061060.00 64574788.00 f
  U488/Y (AND2X1)                      2044288.00 66619076.00 f
  U489/Y (INVX1)                       -1340452.00
                                                  65278624.00 r
  U1592/Y (NAND2X1)                    927124.00  66205748.00 f
  U409/Y (INVX1)                       226400.00  66432148.00 r
  U410/Y (INVX1)                       646940.00  67079088.00 f
  U1604/Y (NOR2X1)                     1157744.00 68236832.00 r
  U1609/Y (OR2X1)                      2203840.00 70440672.00 r
  U1611/Y (NAND2X1)                    806472.00  71247144.00 f
  U428/Y (XNOR2X1)                     4361672.00 75608816.00 r
  U429/Y (INVX1)                       991328.00  76600144.00 f
  U458/Y (NAND2X1)                     1782488.00 78382632.00 r
  U418/Y (INVX1)                       1241256.00 79623888.00 f
  U419/Y (INVX1)                       968000.00  80591888.00 r
  U1649/Y (INVX1)                      648936.00  81240824.00 f
  U1917/Y (XOR2X1)                     5583784.00 86824608.00 r
  U393/Y (XNOR2X1)                     6334392.00 93159000.00 r
  U394/Y (INVX1)                       839936.00  93998936.00 f
  U1971/Y (XOR2X1)                     4954056.00 98952992.00 r
  U695/Y (XNOR2X1)                     5484640.00 104437632.00 r
  U696/Y (INVX1)                       960832.00  105398464.00 f
  U2016/Y (XOR2X1)                     2986656.00 108385120.00 f
  U2017/Y (XOR2X1)                     5085360.00 113470480.00 r
  U619/Y (AND2X1)                      2173568.00 115644048.00 r
  U620/Y (INVX1)                       715888.00  116359936.00 f
  U2019/Y (NAND2X1)                    1297384.00 117657320.00 r
  U2020/Y (NAND2X1)                    1127416.00 118784736.00 f
  U2022/Y (NAND2X1)                    898664.00  119683400.00 r
  U2027/Y (OR2X1)                      2654120.00 122337520.00 r
  U2028/Y (NAND2X1)                    1216200.00 123553720.00 f
  U381/Y (INVX1)                       235296.00  123789016.00 r
  U382/Y (INVX1)                       646680.00  124435696.00 f
  U2116/Y (NAND2X1)                    1286120.00 125721816.00 r
  U472/Y (AND2X1)                      1818672.00 127540488.00 r
  U473/Y (INVX1)                       708976.00  128249464.00 f
  U2118/Y (OR2X1)                      2115208.00 130364672.00 f
  U2122/Y (NAND2X1)                    870728.00  131235400.00 r
  U2124/Y (AND2X1)                     1795392.00 133030792.00 r
  U2125/Y (INVX1)                      716240.00  133747032.00 f
  U2126/Y (OR2X1)                      2115208.00 135862240.00 f
  U2131/Y (NAND2X1)                    870736.00  136732976.00 r
  U2133/Y (NAND2X1)                    869088.00  137602064.00 f
  U2138/Y (NAND2X1)                    881168.00  138483232.00 r
  U611/Y (AND2X1)                      1818640.00 140301872.00 r
  U612/Y (INVX1)                       715024.00  141016896.00 f
  U2141/Y (NAND2X1)                    1357296.00 142374192.00 r
  U407/Y (INVX1)                       1079392.00 143453584.00 f
  U408/Y (INVX1)                       457792.00  143911376.00 r
  U2145/Y (OR2X1)                      1662240.00 145573616.00 r
  U2146/Y (NAND2X1)                    1062960.00 146636576.00 f
  U2153/Y (OR2X1)                      2092032.00 148728608.00 f
  U2154/Y (NAND2X1)                    1748384.00 150476992.00 r
  U375/Y (INVX1)                       1079392.00 151556384.00 f
  U376/Y (INVX1)                       457600.00  152013984.00 r
  U2155/Y (NAND2X1)                    1052960.00 153066944.00 f
  U507/Y (AND2X1)                      2441872.00 155508816.00 f
  U508/Y (INVX1)                       -1292000.00
                                                  154216816.00 r
  U2158/Y (NAND2X1)                    928784.00  155145600.00 f
  U2159/Y (INVX1)                      -550288.00 154595312.00 r
  U746/Y (NOR2X1)                      549872.00  155145184.00 f
  U2162/Y (NAND2X1)                    1747728.00 156892912.00 r
  U2163/Y (INVX1)                      1136656.00 158029568.00 f
  U2164/Y (INVX1)                      532560.00  158562128.00 r
  U2501/Y (AND2X1)                     2199904.00 160762032.00 r
  U2511/Y (NAND2X1)                    835280.00  161597312.00 f
  U2512/Y (NAND2X1)                    1380512.00 162977824.00 r
  U2513/Y (NAND2X1)                    1151024.00 164128848.00 f
  U2516/Y (NAND2X1)                    879600.00  165008448.00 r
  U2517/Y (NAND2X1)                    1151024.00 166159472.00 f
  U2520/Y (NAND2X1)                    879600.00  167039072.00 r
  U2521/Y (NAND2X1)                    1151024.00 168190096.00 f
  U2547/Y (NAND2X1)                    879600.00  169069696.00 r
  U2553/Y (NAND2X1)                    874608.00  169944304.00 f
  U2574/Y (NAND2X1)                    881184.00  170825488.00 r
  U2580/Y (NAND2X1)                    874608.00  171700096.00 f
  U2581/Y (NAND2X1)                    1394752.00 173094848.00 r
  U2594/Y (NAND2X1)                    865984.00  173960832.00 f
  U494/Y (AND2X1)                      1853936.00 175814768.00 f
  U492/Y (NOR2X1)                      1213584.00 177028352.00 r
  U2652/Y (NAND2X1)                    928768.00  177957120.00 f
  U2653/Y (INVX1)                      -537680.00 177419440.00 r
  U2660/Y (AND2X1)                     1902624.00 179322064.00 r
  U2662/Y (INVX1)                      724144.00  180046208.00 f
  U2713/Y (NAND2X1)                    918336.00  180964544.00 r
  U2714/Y (AND2X1)                     2160176.00 183124720.00 r
  U533/Y (AND2X1)                      2181040.00 185305760.00 r
  U534/Y (INVX1)                       713456.00  186019216.00 f
  U2722/Y (NAND2X1)                    918880.00  186938096.00 r
  U2723/Y (NAND2X1)                    1151024.00 188089120.00 f
  U2726/Y (NAND2X1)                    879600.00  188968720.00 r
  U2727/Y (NAND2X1)                    1151024.00 190119744.00 f
  U2730/Y (NAND2X1)                    879600.00  190999344.00 r
  U2731/Y (NAND2X1)                    1151024.00 192150368.00 f
  U2751/Y (NAND2X1)                    879600.00  193029968.00 r
  U2758/Y (NAND2X1)                    1168496.00 194198464.00 f
  U2779/Y (NAND2X1)                    878464.00  195076928.00 r
  U481/Y (NAND2X1)                     874608.00  195951536.00 f
  U482/Y (AND2X1)                      1853904.00 197805440.00 f
  U2809/Y (NAND2X1)                    862128.00  198667568.00 r
  U2813/Y (AND2X1)                     686560.00  199354128.00 r
  out[1] (out)                             0.00   199354128.00 r
  data arrival time                               199354128.00

  clock clk (rise edge)                200000000.00
                                                  200000000.00
  clock network delay (ideal)              0.00   200000000.00
  output external delay                    0.00   200000000.00
  data required time                              200000000.00
  -----------------------------------------------------------
  data required time                              200000000.00
  data arrival time                               -199354128.00
  -----------------------------------------------------------
  slack (MET)                                     645872.00


1
