 
****************************************
Report : timing
        -path full
        -delay max
        -max_paths 1
Design : top
Version: S-2021.06-SP2
Date   : Fri Dec  8 20:42:27 2023
****************************************

Operating Conditions: TT   Library: PPDK_Standard_Library_1.0V_25C_TYP_X1
Wire Load Model Mode: top

  Startpoint: inp[9] (input port clocked by clk)
  Endpoint: out[1] (output port clocked by clk)
  Path Group: clk
  Path Type: max

  Point                                    Incr       Path
  -----------------------------------------------------------
  clock clk (rise edge)                    0.00       0.00
  clock network delay (ideal)              0.00       0.00
  input external delay                     0.00       0.00 f
  inp[9] (in)                              0.00       0.00 f
  U1244/Y (INVX1)                      614745.25  614745.25 r
  U1131/Y (AND2X1)                     1892797.25 2507542.50 r
  U1132/Y (INVX1)                      714135.25  3221677.75 f
  U792/Y (AND2X1)                      2238246.25 5459924.00 f
  U227/Y (NAND2X1)                     1443361.00 6903285.00 r
  U226/Y (NAND2X1)                     875334.00  7778619.00 f
  U705/Y (XOR2X1)                      5361651.00 13140270.00 r
  U704/Y (XOR2X1)                      4335506.00 17475776.00 f
  U703/Y (XOR2X1)                      5733080.00 23208856.00 r
  U702/Y (XOR2X1)                      4343454.00 27552310.00 f
  U1827/Y (XOR2X1)                     5094286.00 32646596.00 r
  U1828/Y (XOR2X1)                     4756352.00 37402948.00 f
  U1875/Y (XOR2X1)                     5728496.00 43131444.00 r
  U1904/Y (NAND2X1)                    846332.00  43977776.00 f
  U1906/Y (NAND2X1)                    905632.00  44883408.00 r
  U1907/Y (XOR2X1)                     4255800.00 49139208.00 f
  U1912/Y (NAND2X1)                    836304.00  49975512.00 r
  U1914/Y (NAND2X1)                    850100.00  50825612.00 f
  U723/Y (XOR2X1)                      5353828.00 56179440.00 r
  U615/Y (AND2X1)                      1781848.00 57961288.00 r
  U616/Y (INVX1)                       715216.00  58676504.00 f
  U198/Y (NAND2X1)                     930052.00  59606556.00 r
  U277/Y (NAND2X1)                     870136.00  60476692.00 f
  U728/Y (NAND2X1)                     889800.00  61366492.00 r
  U617/Y (AND2X1)                      1795416.00 63161908.00 r
  U618/Y (INVX1)                       715232.00  63877140.00 f
  U197/Y (NAND2X1)                     924544.00  64801684.00 r
  U1945/Y (NAND2X1)                    867836.00  65669520.00 f
  U1946/Y (NAND2X1)                    881168.00  66550688.00 r
  U1948/Y (NAND2X1)                    1127904.00 67678592.00 f
  U648/Y (OR2X1)                       2347016.00 70025608.00 f
  U649/Y (INVX1)                       -968144.00 69057464.00 r
  U682/Y (OR2X1)                       1775392.00 70832856.00 r
  U1971/Y (INVX1)                      707960.00  71540816.00 f
  U249/Y (AND2X1)                      1864736.00 73405552.00 f
  U248/Y (OR2X1)                       2343760.00 75749312.00 f
  U1972/Y (INVX1)                      -948896.00 74800416.00 r
  U2777/Y (NAND2X1)                    803744.00  75604160.00 f
  U2778/Y (NAND2X1)                    1757240.00 77361400.00 r
  U2786/Y (XOR2X1)                     4271400.00 81632800.00 f
  U2808/Y (XOR2X1)                     5741560.00 87374360.00 r
  U2809/Y (XOR2X1)                     4343616.00 91717976.00 f
  U592/Y (XNOR2X1)                     6155328.00 97873304.00 f
  U575/Y (AND2X1)                      2244672.00 100117976.00 f
  U256/Y (OR2X1)                       2075464.00 102193440.00 f
  U726/Y (NAND2X1)                     876664.00  103070104.00 r
  U621/Y (AND2X1)                      1818760.00 104888864.00 r
  U622/Y (INVX1)                       715232.00  105604096.00 f
  U193/Y (NAND2X1)                     924552.00  106528648.00 r
  U2859/Y (OR2X1)                      2330520.00 108859168.00 r
  U619/Y (AND2X1)                      1882520.00 110741688.00 r
  U620/Y (INVX1)                       715224.00  111456912.00 f
  U715/Y (NAND2X1)                     930048.00  112386960.00 r
  U291/Y (AND2X1)                      1795432.00 114182392.00 r
  U292/Y (INVX1)                       715232.00  114897624.00 f
  U265/Y (AND2X1)                      2034872.00 116932496.00 f
  U266/Y (INVX1)                       -1300648.00
                                                  115631848.00 r
  U2863/Y (NAND2X1)                    802480.00  116434328.00 f
  U304/Y (AND2X1)                      2045432.00 118479760.00 f
  U305/Y (INVX1)                       -1360952.00
                                                  117118808.00 r
  U725/Y (NAND2X1)                     802096.00  117920904.00 f
  U2872/Y (OR2X1)                      2095384.00 120016288.00 f
  U627/Y (AND2X1)                      2048168.00 122064456.00 f
  U628/Y (INVX1)                       -1449592.00
                                                  120614864.00 r
  U711/Y (NAND2X1)                     928768.00  121543632.00 f
  U789/Y (AND2X1)                      2045584.00 123589216.00 f
  U790/Y (INVX1)                       -1293784.00
                                                  122295432.00 r
  U788/Y (NAND2X1)                     800840.00  123096272.00 f
  U286/Y (AND2X1)                      2047968.00 125144240.00 f
  U191/Y (NAND2X1)                     1470896.00 126615136.00 r
  U552/Y (NAND2X1)                     877512.00  127492648.00 f
  U288/Y (AND2X1)                      1856256.00 129348904.00 f
  U278/Y (OR2X1)                       2080528.00 131429432.00 f
  U613/Y (AND2X1)                      2048168.00 133477600.00 f
  U614/Y (INVX1)                       -1434976.00
                                                  132042624.00 r
  U2927/Y (NAND2X1)                    1050408.00 133093032.00 f
  U559/Y (NAND2X1)                     891968.00  133985000.00 r
  U294/Y (AND2X1)                      1798424.00 135783424.00 r
  U295/Y (INVX1)                       715904.00  136499328.00 f
  U258/Y (AND2X1)                      2034880.00 138534208.00 f
  U259/Y (INVX1)                       -1279072.00
                                                  137255136.00 r
  U720/Y (OR2X1)                       1641584.00 138896720.00 r
  U2947/Y (NAND2X1)                    1219888.00 140116608.00 f
  U2949/Y (INVX1)                      -550448.00 139566160.00 r
  U284/Y (AND2X1)                      1881440.00 141447600.00 r
  U285/Y (INVX1)                       718448.00  142166048.00 f
  U260/Y (AND2X1)                      2034880.00 144200928.00 f
  U261/Y (INVX1)                       -1292592.00
                                                  142908336.00 r
  U541/Y (NAND2X1)                     928768.00  143837104.00 f
  U540/Y (INVX1)                       -559328.00 143277776.00 r
  U644/Y (AND2X1)                      1881456.00 145159232.00 r
  U645/Y (INVX1)                       709136.00  145868368.00 f
  U3007/Y (NAND2X1)                    1292304.00 147160672.00 r
  U707/Y (OR2X1)                       2341712.00 149502384.00 r
  U706/Y (NAND2X1)                     1219776.00 150722160.00 f
  U562/Y (NAND2X1)                     881408.00  151603568.00 r
  U293/Y (AND2X1)                      926784.00  152530352.00 r
  U252/Y (OR2X1)                       2238096.00 154768448.00 r
  U282/Y (AND2X1)                      1878480.00 156646928.00 r
  U283/Y (INVX1)                       716528.00  157363456.00 f
  U724/Y (NAND2X1)                     1362944.00 158726400.00 r
  U188/Y (INVX1)                       1216864.00 159943264.00 f
  U189/Y (NAND2X1)                     1283888.00 161227152.00 r
  U235/Y (NAND2X1)                     848000.00  162075152.00 f
  U257/Y (AND2X1)                      1854000.00 163929152.00 f
  U254/Y (NOR2X1)                      1213280.00 165142432.00 r
  U262/Y (NOR2X1)                      1022560.00 166164992.00 f
  U263/Y (INVX1)                       -284256.00 165880736.00 r
  U818/Y (NOR2X1)                      543328.00  166424064.00 f
  U545/Y (OR2X1)                       2090288.00 168514352.00 f
  U194/Y (NAND2X1)                     878032.00  169392384.00 r
  U543/Y (OR2X1)                       2594928.00 171987312.00 r
  U200/Y (NAND2X1)                     799216.00  172786528.00 f
  U727/Y (NAND2X1)                     892928.00  173679456.00 r
  U537/Y (NAND2X1)                     866784.00  174546240.00 f
  U536/Y (NAND2X1)                     891968.00  175438208.00 r
  U3035/Y (AND2X1)                     779072.00  176217280.00 r
  U318/Y (AND2X1)                      2173504.00 178390784.00 r
  U319/Y (INVX1)                       715920.00  179106704.00 f
  U270/Y (AND2X1)                      1864768.00 180971472.00 f
  U222/Y (NAND2X1)                     1326176.00 182297648.00 r
  U216/Y (INVX1)                       1045600.00 183343248.00 f
  U217/Y (NOR2X1)                      1621568.00 184964816.00 r
  U253/Y (INVX1)                       1002624.00 185967440.00 f
  U3075/Y (OR2X1)                      2115520.00 188082960.00 f
  U571/Y (AND2X1)                      2434368.00 190517328.00 f
  U572/Y (INVX1)                       -1340512.00
                                                  189176816.00 r
  U199/Y (NAND2X1)                     800448.00  189977264.00 f
  U3080/Y (NAND2X1)                    1341888.00 191319152.00 r
  U3081/Y (INVX1)                      1069440.00 192388592.00 f
  U731/Y (AND2X1)                      1864896.00 194253488.00 f
  U659/Y (OR2X1)                       2077120.00 196330608.00 f
  U658/Y (NAND2X1)                     1338080.00 197668688.00 r
  U565/Y (AND2X1)                      1795728.00 199464416.00 r
  U566/Y (INVX1)                       716576.00  200180992.00 f
  U700/Y (NAND2X1)                     1285632.00 201466624.00 r
  out[1] (out)                             0.00   201466624.00 r
  data arrival time                               201466624.00

  clock clk (rise edge)                200000000.00
                                                  200000000.00
  clock network delay (ideal)              0.00   200000000.00
  output external delay                    0.00   200000000.00
  data required time                              200000000.00
  -----------------------------------------------------------
  data required time                              200000000.00
  data arrival time                               -201466624.00
  -----------------------------------------------------------
  slack (VIOLATED)                                -1466624.00


1
