****************************************
Report : timing
	-path_type full
	-delay_type max
	-max_paths 1
	-sort_by slack
Design : top
Version: T-2022.03-SP5
Date   : Fri Dec  8 20:42:41 2023
****************************************


  Startpoint: inp[9] (input port clocked by clk)
  Endpoint: out[1] (output port clocked by clk)
  Path Group: clk
  Path Type: max

  Point                                    Incr       Path
  ---------------------------------------------------------------
  clock clk (rise edge)                    0.00       0.00
  clock network delay (ideal)              0.00       0.00
  input external delay                     0.00       0.00 f
  inp[9] (in)                              0.00       0.00 f
  U1244/Y (INVX1)                      614752.00  614752.00 r
  U1131/Y (AND2X1)                     1892800.00 2507552.00 r
  U1132/Y (INVX1)                      714128.00  3221680.00 f
  U792/Y (AND2X1)                      2238240.00 5459920.00 f
  U227/Y (NAND2X1)                     1443376.00 6903296.00 r
  U226/Y (NAND2X1)                     875344.00  7778640.00 f
  U705/Y (XOR2X1)                      5361664.00 13140304.00 r
  U704/Y (XOR2X1)                      4335456.00 17475760.00 f
  U703/Y (XOR2X1)                      5733184.00 23208944.00 r
  U702/Y (XOR2X1)                      4343408.00 27552352.00 f
  U1827/Y (XOR2X1)                     5094352.00 32646704.00 r
  U1828/Y (XOR2X1)                     4756368.00 37403072.00 f
  U1875/Y (XOR2X1)                     5728464.00 43131536.00 r
  U1904/Y (NAND2X1)                    846336.00  43977872.00 f
  U1906/Y (NAND2X1)                    905632.00  44883504.00 r
  U1907/Y (XOR2X1)                     4255664.00 49139168.00 f
  U1912/Y (NAND2X1)                    836320.00  49975488.00 r
  U1914/Y (NAND2X1)                    850080.00  50825568.00 f
  U723/Y (XOR2X1)                      5353776.00 56179344.00 r
  U615/Y (AND2X1)                      1781856.00 57961200.00 r
  U616/Y (INVX1)                       715216.00  58676416.00 f
  U198/Y (NAND2X1)                     930048.00  59606464.00 r
  U277/Y (NAND2X1)                     870144.00  60476608.00 f
  U728/Y (NAND2X1)                     889792.00  61366400.00 r
  U617/Y (AND2X1)                      1795424.00 63161824.00 r
  U618/Y (INVX1)                       715232.00  63877056.00 f
  U197/Y (NAND2X1)                     924544.00  64801600.00 r
  U1945/Y (NAND2X1)                    867856.00  65669456.00 f
  U1946/Y (NAND2X1)                    881168.00  66550624.00 r
  U1948/Y (NAND2X1)                    1127912.00 67678536.00 f
  U648/Y (OR2X1)                       2347000.00 70025536.00 f
  U649/Y (INVX1)                       -968136.00 69057400.00 r
  U682/Y (OR2X1)                       1775384.00 70832784.00 r
  U1971/Y (INVX1)                      707960.00  71540744.00 f
  U249/Y (AND2X1)                      1864736.00 73405480.00 f
  U248/Y (OR2X1)                       2343760.00 75749240.00 f
  U1972/Y (INVX1)                      -948896.00 74800344.00 r
  U2777/Y (NAND2X1)                    803744.00  75604088.00 f
  U2778/Y (NAND2X1)                    1757256.00 77361344.00 r
  U2786/Y (XOR2X1)                     4271328.00 81632672.00 f
  U2808/Y (XOR2X1)                     5741672.00 87374344.00 r
  U2809/Y (XOR2X1)                     4343784.00 91718128.00 f
  U592/Y (XNOR2X1)                     6155448.00 97873576.00 f
  U575/Y (AND2X1)                      2244680.00 100118256.00 f
  U256/Y (OR2X1)                       2075480.00 102193736.00 f
  U726/Y (NAND2X1)                     876664.00  103070400.00 r
  U621/Y (AND2X1)                      1818768.00 104889168.00 r
  U622/Y (INVX1)                       715232.00  105604400.00 f
  U193/Y (NAND2X1)                     924552.00  106528952.00 r
  U2859/Y (OR2X1)                      2330536.00 108859488.00 r
  U619/Y (AND2X1)                      1882520.00 110742008.00 r
  U620/Y (INVX1)                       715224.00  111457232.00 f
  U715/Y (NAND2X1)                     930048.00  112387280.00 r
  U291/Y (AND2X1)                      1795448.00 114182728.00 r
  U292/Y (INVX1)                       715232.00  114897960.00 f
  U265/Y (AND2X1)                      2034872.00 116932832.00 f
  U266/Y (INVX1)                       -1300664.00
                                                  115632168.00 r
  U2863/Y (NAND2X1)                    802488.00  116434656.00 f
  U304/Y (AND2X1)                      2045424.00 118480080.00 f
  U305/Y (INVX1)                       -1360960.00
                                                  117119120.00 r
  U725/Y (NAND2X1)                     802104.00  117921224.00 f
  U2872/Y (OR2X1)                      2095368.00 120016592.00 f
  U627/Y (AND2X1)                      2048168.00 122064760.00 f
  U628/Y (INVX1)                       -1449600.00
                                                  120615160.00 r
  U711/Y (NAND2X1)                     928768.00  121543928.00 f
  U789/Y (AND2X1)                      2045584.00 123589512.00 f
  U790/Y (INVX1)                       -1293800.00
                                                  122295712.00 r
  U788/Y (NAND2X1)                     800848.00  123096560.00 f
  U286/Y (AND2X1)                      2047960.00 125144520.00 f
  U191/Y (NAND2X1)                     1470896.00 126615416.00 r
  U552/Y (NAND2X1)                     877520.00  127492936.00 f
  U288/Y (AND2X1)                      1856272.00 129349208.00 f
  U278/Y (OR2X1)                       2080504.00 131429712.00 f
  U613/Y (AND2X1)                      2048168.00 133477880.00 f
  U614/Y (INVX1)                       -1434992.00
                                                  132042888.00 r
  U2927/Y (NAND2X1)                    1050408.00 133093296.00 f
  U559/Y (NAND2X1)                     891968.00  133985264.00 r
  U294/Y (AND2X1)                      1798432.00 135783696.00 r
  U295/Y (INVX1)                       715904.00  136499600.00 f
  U258/Y (AND2X1)                      2034880.00 138534480.00 f
  U259/Y (INVX1)                       -1279088.00
                                                  137255392.00 r
  U720/Y (OR2X1)                       1641584.00 138896976.00 r
  U2947/Y (NAND2X1)                    1219888.00 140116864.00 f
  U2949/Y (INVX1)                      -550464.00 139566400.00 r
  U284/Y (AND2X1)                      1881456.00 141447856.00 r
  U285/Y (INVX1)                       718448.00  142166304.00 f
  U260/Y (AND2X1)                      2034880.00 144201184.00 f
  U261/Y (INVX1)                       -1292576.00
                                                  142908608.00 r
  U541/Y (NAND2X1)                     928768.00  143837376.00 f
  U540/Y (INVX1)                       -559296.00 143278080.00 r
  U644/Y (AND2X1)                      1881440.00 145159520.00 r
  U645/Y (INVX1)                       709136.00  145868656.00 f
  U3007/Y (NAND2X1)                    1292304.00 147160960.00 r
  U707/Y (OR2X1)                       2341696.00 149502656.00 r
  U706/Y (NAND2X1)                     1219776.00 150722432.00 f
  U562/Y (NAND2X1)                     881408.00  151603840.00 r
  U293/Y (AND2X1)                      926816.00  152530656.00 r
  U252/Y (OR2X1)                       2238112.00 154768768.00 r
  U282/Y (AND2X1)                      1878496.00 156647264.00 r
  U283/Y (INVX1)                       716528.00  157363792.00 f
  U724/Y (NAND2X1)                     1362944.00 158726736.00 r
  U188/Y (INVX1)                       1216864.00 159943600.00 f
  U189/Y (NAND2X1)                     1283888.00 161227488.00 r
  U235/Y (NAND2X1)                     848000.00  162075488.00 f
  U257/Y (AND2X1)                      1854000.00 163929488.00 f
  U254/Y (NOR2X1)                      1213264.00 165142752.00 r
  U262/Y (NOR2X1)                      1022560.00 166165312.00 f
  U263/Y (INVX1)                       -284240.00 165881072.00 r
  U818/Y (NOR2X1)                      543328.00  166424400.00 f
  U545/Y (OR2X1)                       2090288.00 168514688.00 f
  U194/Y (NAND2X1)                     878032.00  169392720.00 r
  U543/Y (OR2X1)                       2594880.00 171987600.00 r
  U200/Y (NAND2X1)                     799216.00  172786816.00 f
  U727/Y (NAND2X1)                     892928.00  173679744.00 r
  U537/Y (NAND2X1)                     866800.00  174546544.00 f
  U536/Y (NAND2X1)                     891968.00  175438512.00 r
  U3035/Y (AND2X1)                     779056.00  176217568.00 r
  U318/Y (AND2X1)                      2173472.00 178391040.00 r
  U319/Y (INVX1)                       715920.00  179106960.00 f
  U270/Y (AND2X1)                      1864752.00 180971712.00 f
  U222/Y (NAND2X1)                     1326176.00 182297888.00 r
  U216/Y (INVX1)                       1045600.00 183343488.00 f
  U217/Y (NOR2X1)                      1621568.00 184965056.00 r
  U253/Y (INVX1)                       1002624.00 185967680.00 f
  U3075/Y (OR2X1)                      2115520.00 188083200.00 f
  U571/Y (AND2X1)                      2434368.00 190517568.00 f
  U572/Y (INVX1)                       -1340512.00
                                                  189177056.00 r
  U199/Y (NAND2X1)                     800464.00  189977520.00 f
  U3080/Y (NAND2X1)                    1341904.00 191319424.00 r
  U3081/Y (INVX1)                      1069440.00 192388864.00 f
  U731/Y (AND2X1)                      1864896.00 194253760.00 f
  U659/Y (OR2X1)                       2077120.00 196330880.00 f
  U658/Y (NAND2X1)                     1338112.00 197668992.00 r
  U565/Y (AND2X1)                      1795728.00 199464720.00 r
  U566/Y (INVX1)                       716576.00  200181296.00 f
  U700/Y (NAND2X1)                     1285632.00 201466928.00 r
  out[1] (out)                             0.00   201466928.00 r
  data arrival time                               201466928.00

  clock clk (rise edge)                200000000.00
                                                  200000000.00
  clock network delay (ideal)              0.00   200000000.00
  clock reconvergence pessimism            0.00   200000000.00
  output external delay                    0.00   200000000.00
  data required time                              200000000.00
  ---------------------------------------------------------------
  data required time                              200000000.00
  data arrival time                               -201466928.00
  ---------------------------------------------------------------
  slack (VIOLATED)                                -1466928.00


1
