 
****************************************
Report : area
Design : top
Version: S-2021.06-SP2
Date   : Fri Dec  8 20:42:27 2023
****************************************

Library(s) Used:

    PPDK_Standard_Library_1.0V_25C_TYP_X1 (File: /usr/local/eda/synLibs/egfet/db/EGFET_1.0V.db)

Number of ports:                           34
Number of nets:                          2937
Number of cells:                         2905
Number of combinational cells:           2905
Number of sequential cells:                 0
Number of macros/black boxes:               0
Number of buf/inv:                        653
Number of references:                       7

Combinational area:         1243653492.000000
Buf/Inv area:                149158260.000000
Noncombinational area:               0.000000
Macro/Black Box area:                0.000000
Net Interconnect area:      undefined  (No wire load specified)

Total cell area:            1243653492.000000
Total area:                 undefined

Hierarchical area distribution
------------------------------

                                  Global cell area                   Local cell area
                                  ------------------------  ---------------------------------- 
Hierarchical cell                 Absolute         Percent  Combi-           Noncombi-  Black-
                                  Total            Total    national         national   boxes   Design
--------------------------------  ---------------  -------  ---------------  ---------  ------  ---------
top                               1243653492.0000    100.0  1243653492.0000     0.0000  0.0000  top
--------------------------------  ---------------  -------  ---------------  ---------  ------  ---------
Total                                                       1243653492.0000     0.0000  0.0000

1
