****************************************
Report : Averaged Power
Design : top
Version: T-2022.03-SP5
Date   : Fri Dec  8 20:42:22 2023
****************************************



  Attributes
  ----------
      i  -  Including register clock pin internal power
      u  -  User defined power group

                        Internal  Switching  Leakage    Total
Power Group             Power     Power      Power      Power   (     %)  Attrs
--------------------------------------------------------------------------------
clock_network              0.0000    0.0000    0.0000    0.0000 ( 0.00%)  i
register                   0.0000    0.0000    0.0000    0.0000 ( 0.00%)  
combinational           1.259e-03 7.421e-06    0.0251    0.0264 (100.00%) 
sequential                 0.0000    0.0000    0.0000    0.0000 ( 0.00%)  
memory                     0.0000    0.0000    0.0000    0.0000 ( 0.00%)  
io_pad                     0.0000    0.0000    0.0000    0.0000 ( 0.00%)  
black_box                  0.0000    0.0000    0.0000    0.0000 ( 0.00%)  

  Net Switching Power  = 7.421e-06   ( 0.03%)
  Cell Internal Power  = 1.259e-03   ( 4.77%)
  Cell Leakage Power   =    0.0251   (95.20%)
                         ---------
Total Power            =    0.0264  (100.00%)

1
