****************************************
Report : timing
	-path_type full
	-delay_type max
	-max_paths 1
	-sort_by slack
Design : top
Version: T-2022.03-SP5
Date   : Fri Dec  8 20:42:04 2023
****************************************


  Startpoint: inp[12] (input port clocked by clk)
  Endpoint: out[1] (output port clocked by clk)
  Path Group: clk
  Path Type: max

  Point                                    Incr       Path
  ---------------------------------------------------------------
  clock clk (rise edge)                    0.00       0.00
  clock network delay (ideal)              0.00       0.00
  input external delay                     0.00       0.00 r
  inp[12] (in)                             0.00       0.00 r
  U717/Y (INVX1)                       56048.00   56048.00 f
  U965/Y (NAND2X1)                     1300304.00 1356352.00 r
  U353/Y (AND2X1)                      2174000.00 3530352.00 r
  U354/Y (INVX1)                       733184.00  4263536.00 f
  U967/Y (INVX1)                       445792.00  4709328.00 r
  U241/Y (AND2X1)                      1880352.00 6589680.00 r
  U242/Y (INVX1)                       713504.00  7303184.00 f
  U237/Y (AND2X1)                      2458048.00 9761232.00 f
  U238/Y (INVX1)                       -229920.00 9531312.00 r
  U976/Y (INVX1)                       651888.00  10183200.00 f
  U977/Y (NAND2X1)                     1291776.00 11474976.00 r
  U978/Y (NAND2X1)                     848656.00  12323632.00 f
  U979/Y (NAND2X1)                     1752640.00 14076272.00 r
  U980/Y (INVX1)                       1115616.00 15191888.00 f
  U983/Y (NAND2X1)                     925008.00  16116896.00 r
  U989/Y (NAND2X1)                     1155856.00 17272752.00 f
  U990/Y (XOR2X1)                      5311200.00 22583952.00 r
  U1014/Y (NAND2X1)                    849088.00  23433040.00 f
  U1015/Y (NAND2X1)                    1380640.00 24813680.00 r
  U1016/Y (AND2X1)                     2751424.00 27565104.00 r
  U1018/Y (NAND2X1)                    818928.00  28384032.00 f
  U1019/Y (NAND2X1)                    1404816.00 29788848.00 r
  U1044/Y (OR2X1)                      2593328.00 32382176.00 r
  U169/Y (AND2X1)                      2199408.00 34581584.00 r
  U170/Y (INVX1)                       707472.00  35289056.00 f
  U1045/Y (NAND2X1)                    1362944.00 36652000.00 r
  U1067/Y (NAND2X1)                    1152864.00 37804864.00 f
  U1068/Y (NAND2X1)                    1399472.00 39204336.00 r
  U1069/Y (NAND2X1)                    1157984.00 40362320.00 f
  U1083/Y (NAND2X1)                    879328.00  41241648.00 r
  U1085/Y (NAND2X1)                    930368.00  42172016.00 f
  U1097/Y (NAND2X1)                    881440.00  43053456.00 r
  U568/Y (AND2X1)                      1830384.00 44883840.00 r
  U261/Y (AND2X1)                      2180992.00 47064832.00 r
  U262/Y (INVX1)                       713472.00  47778304.00 f
  U582/Y (AND2X1)                      2037088.00 49815392.00 f
  U583/Y (INVX1)                       -296336.00 49519056.00 r
  U265/Y (INVX1)                       658432.00  50177488.00 f
  U266/Y (AND2X1)                      2466464.00 52643952.00 f
  U662/Y (INVX1)                       -1132560.00
                                                  51511392.00 r
  U1717/Y (NAND2X1)                    1057248.00 52568640.00 f
  U1718/Y (NAND2X1)                    1381280.00 53949920.00 r
  U1719/Y (NAND2X1)                    864688.00  54814608.00 f
  U1723/Y (NAND2X1)                    1345264.00 56159872.00 r
  U1725/Y (INVX1)                      1116304.00 57276176.00 f
  U1726/Y (NAND2X1)                    1290208.00 58566384.00 r
  U1732/Y (NAND2X1)                    1126592.00 59692976.00 f
  U1733/Y (NAND2X1)                    1752608.00 61445584.00 r
  U1735/Y (INVX1)                      1101456.00 62547040.00 f
  U1736/Y (NAND2X1)                    1290256.00 63837296.00 r
  U1746/Y (NAND2X1)                    848408.00  64685704.00 f
  U1747/Y (NAND2X1)                    1752632.00 66438336.00 r
  U1749/Y (INVX1)                      1115952.00 67554288.00 f
  U1750/Y (NAND2X1)                    1290216.00 68844504.00 r
  U1819/Y (NAND2X1)                    1126552.00 69971056.00 f
  U1820/Y (NAND2X1)                    1342768.00 71313824.00 r
  U1821/Y (INVX1)                      1096016.00 72409840.00 f
  U1822/Y (NAND2X1)                    1290272.00 73700112.00 r
  U1847/Y (NAND2X1)                    1230488.00 74930600.00 f
  U1848/Y (NAND2X1)                    887000.00  75817600.00 r
  U1917/Y (NAND2X1)                    1128416.00 76946016.00 f
  U1918/Y (XOR2X1)                     5351336.00 82297352.00 r
  U1919/Y (INVX1)                      1252928.00 83550280.00 f
  U1920/Y (NAND2X1)                    1289728.00 84840008.00 r
  U1921/Y (NAND2X1)                    1127760.00 85967768.00 f
  U1922/Y (XOR2X1)                     5292904.00 91260672.00 r
  U1926/Y (OR2X1)                      2322840.00 93583512.00 r
  U175/Y (AND2X1)                      2199472.00 95782984.00 r
  U176/Y (INVX1)                       707672.00  96490656.00 f
  U1934/Y (XOR2X1)                     5584160.00 102074816.00 r
  U1939/Y (OR2X1)                      2290616.00 104365432.00 r
  U1940/Y (NAND2X1)                    1051368.00 105416800.00 f
  U1956/Y (NAND2X1)                    1385144.00 106801944.00 r
  U1957/Y (NAND2X1)                    1151064.00 107953008.00 f
  U1958/Y (NAND2X1)                    1403904.00 109356912.00 r
  U1961/Y (OR2X1)                      2591224.00 111948136.00 r
  U1972/Y (NAND2X1)                    799696.00  112747832.00 f
  U1973/Y (NAND2X1)                    1384920.00 114132752.00 r
  U1976/Y (OR2X1)                      2547040.00 116679792.00 r
  U207/Y (AND2X1)                      2200400.00 118880192.00 r
  U208/Y (INVX1)                       707152.00  119587344.00 f
  U1978/Y (NAND2X1)                    1291608.00 120878952.00 r
  U1985/Y (NAND2X1)                    849680.00  121728632.00 f
  U1986/Y (NAND2X1)                    1400016.00 123128648.00 r
  U1987/Y (NAND2X1)                    1156072.00 124284720.00 f
  U1989/Y (NAND2X1)                    879280.00  125164000.00 r
  U1990/Y (NAND2X1)                    1155896.00 126319896.00 f
  U1992/Y (NAND2X1)                    1335848.00 127655744.00 r
  U663/Y (INVX1)                       1082896.00 128738640.00 f
  U664/Y (INVX1)                       533336.00  129271976.00 r
  U2146/Y (NAND2X1)                    1220168.00 130492144.00 f
  U2147/Y (NOR2X1)                     1194776.00 131686920.00 r
  U2150/Y (NAND2X1)                    834344.00  132521264.00 f
  U2152/Y (NAND2X1)                    1341872.00 133863136.00 r
  U2153/Y (INVX1)                      1116480.00 134979616.00 f
  U2154/Y (NAND2X1)                    1284224.00 136263840.00 r
  U2160/Y (NAND2X1)                    848080.00  137111920.00 f
  U2162/Y (NAND2X1)                    1343520.00 138455440.00 r
  U2163/Y (INVX1)                      1116688.00 139572128.00 f
  U245/Y (AND2X1)                      2034752.00 141606880.00 f
  U246/Y (INVX1)                       -1375872.00
                                                  140231008.00 r
  U2169/Y (NAND2X1)                    800448.00  141031456.00 f
  U2171/Y (NAND2X1)                    882624.00  141914080.00 r
  U2172/Y (NAND2X1)                    1150976.00 143065056.00 f
  U2174/Y (NAND2X1)                    885520.00  143950576.00 r
  U2175/Y (OR2X1)                      2582128.00 146532704.00 r
  U2181/Y (NAND2X1)                    804864.00  147337568.00 f
  U2183/Y (NAND2X1)                    1342272.00 148679840.00 r
  U2184/Y (INVX1)                      1116448.00 149796288.00 f
  U2188/Y (NAND2X1)                    919344.00  150715632.00 r
  U2194/Y (NAND2X1)                    848352.00  151563984.00 f
  U2196/Y (NAND2X1)                    882608.00  152446592.00 r
  U2200/Y (NAND2X1)                    865120.00  153311712.00 f
  U2201/Y (NAND2X1)                    1394800.00 154706512.00 r
  U2202/Y (NOR2X1)                     -320976.00 154385536.00 f
  U2203/Y (NAND2X1)                    1397696.00 155783232.00 r
  U2216/Y (NAND2X1)                    866464.00  156649696.00 f
  U2220/Y (NAND2X1)                    879344.00  157529040.00 r
  U2231/Y (NOR2X1)                     -293968.00 157235072.00 f
  U416/Y (NAND2X1)                     1395536.00 158630608.00 r
  U400/Y (INVX1)                       1139024.00 159769632.00 f
  U401/Y (INVX1)                       969024.00  160738656.00 r
  U2236/Y (INVX1)                      647744.00  161386400.00 f
  U2288/Y (NAND2X1)                    1287360.00 162673760.00 r
  U2291/Y (NAND2X1)                    849632.00  163523392.00 f
  U2299/Y (OR2X1)                      2089024.00 165612416.00 f
  U171/Y (AND2X1)                      2435056.00 168047472.00 f
  U172/Y (INVX1)                       -1336016.00
                                                  166711456.00 r
  U2300/Y (NAND2X1)                    802112.00  167513568.00 f
  U2301/Y (OR2X1)                      2092128.00 169605696.00 f
  U2305/Y (NAND2X1)                    871968.00  170477664.00 r
  U2307/Y (NAND2X1)                    863872.00  171341536.00 f
  U2308/Y (NAND2X1)                    1399456.00 172740992.00 r
  U2310/Y (NAND2X1)                    867568.00  173608560.00 f
  U2319/Y (NAND2X1)                    1399408.00 175007968.00 r
  U2326/Y (NAND2X1)                    866752.00  175874720.00 f
  U2327/Y (NAND2X1)                    1390592.00 177265312.00 r
  U2329/Y (NAND2X1)                    866144.00  178131456.00 f
  U2339/Y (NAND2X1)                    1380272.00 179511728.00 r
  U2344/Y (NAND2X1)                    863664.00  180375392.00 f
  U2345/Y (NAND2X1)                    1390512.00 181765904.00 r
  U2347/Y (NAND2X1)                    865312.00  182631216.00 f
  U2348/Y (NAND2X1)                    1399440.00 184030656.00 r
  U2349/Y (NAND2X1)                    1155936.00 185186592.00 f
  U2351/Y (NAND2X1)                    885184.00  186071776.00 r
  U2358/Y (OR2X1)                      2585168.00 188656944.00 r
  U159/Y (AND2X1)                      2198864.00 190855808.00 r
  U160/Y (INVX1)                       707872.00  191563680.00 f
  U2359/Y (OR2X1)                      2115280.00 193678960.00 f
  U2360/Y (NAND2X1)                    870736.00  194549696.00 r
  U2362/Y (NAND2X1)                    862640.00  195412336.00 f
  U2363/Y (NAND2X1)                    1394768.00 196807104.00 r
  U2364/Y (NAND2X1)                    866000.00  197673104.00 f
  U2372/Y (NAND2X1)                    881152.00  198554256.00 r
  out[1] (out)                             0.00   198554256.00 r
  data arrival time                               198554256.00

  clock clk (rise edge)                200000000.00
                                                  200000000.00
  clock network delay (ideal)              0.00   200000000.00
  clock reconvergence pessimism            0.00   200000000.00
  output external delay                    0.00   200000000.00
  data required time                              200000000.00
  ---------------------------------------------------------------
  data required time                              200000000.00
  data arrival time                               -198554256.00
  ---------------------------------------------------------------
  slack (MET)                                     1445744.00


1
