 
****************************************
Report : area
Design : top
Version: S-2021.06-SP2
Date   : Fri Dec  8 20:42:00 2023
****************************************

Library(s) Used:

    PPDK_Standard_Library_1.0V_25C_TYP_X1 (File: /usr/local/eda/synLibs/egfet/db/EGFET_1.0V.db)

Number of ports:                           18
Number of nets:                          2251
Number of cells:                         2235
Number of combinational cells:           2235
Number of sequential cells:                 0
Number of macros/black boxes:               0
Number of buf/inv:                        500
Number of references:                       7

Combinational area:          803693596.000000
Buf/Inv area:                114210000.000000
Noncombinational area:               0.000000
Macro/Black Box area:                0.000000
Net Interconnect area:      undefined  (No wire load specified)

Total cell area:             803693596.000000
Total area:                 undefined
1
