 
****************************************
Report : timing
        -path full
        -delay max
        -max_paths 1
Design : top
Version: S-2021.06-SP2
Date   : Fri Dec  8 20:42:00 2023
****************************************

Operating Conditions: TT   Library: PPDK_Standard_Library_1.0V_25C_TYP_X1
Wire Load Model Mode: top

  Startpoint: inp[12] (input port clocked by clk)
  Endpoint: out[1] (output port clocked by clk)
  Path Group: clk
  Path Type: max

  Point                                    Incr       Path
  -----------------------------------------------------------
  clock clk (rise edge)                    0.00       0.00
  clock network delay (ideal)              0.00       0.00
  input external delay                     0.00       0.00 r
  inp[12] (in)                             0.00       0.00 r
  U717/Y (INVX1)                       56044.77   56044.77 f
  U965/Y (NAND2X1)                     1300306.50 1356351.25 r
  U353/Y (AND2X1)                      2174024.25 3530375.50 r
  U354/Y (INVX1)                       733181.50  4263557.00 f
  U967/Y (INVX1)                       445786.50  4709343.50 r
  U241/Y (AND2X1)                      1880354.50 6589698.00 r
  U242/Y (INVX1)                       713497.00  7303195.00 f
  U237/Y (AND2X1)                      2458055.00 9761250.00 f
  U238/Y (INVX1)                       -229929.00 9531321.00 r
  U976/Y (INVX1)                       651877.00  10183198.00 f
  U977/Y (NAND2X1)                     1291773.00 11474971.00 r
  U978/Y (NAND2X1)                     848645.00  12323616.00 f
  U979/Y (NAND2X1)                     1752620.00 14076236.00 r
  U980/Y (INVX1)                       1115626.00 15191862.00 f
  U983/Y (NAND2X1)                     925010.00  16116872.00 r
  U989/Y (NAND2X1)                     1155850.00 17272722.00 f
  U990/Y (XOR2X1)                      5311178.00 22583900.00 r
  U1014/Y (NAND2X1)                    849074.00  23432974.00 f
  U1015/Y (NAND2X1)                    1380650.00 24813624.00 r
  U1016/Y (AND2X1)                     2751418.00 27565042.00 r
  U1018/Y (NAND2X1)                    818928.00  28383970.00 f
  U1019/Y (NAND2X1)                    1404834.00 29788804.00 r
  U1044/Y (OR2X1)                      2593320.00 32382124.00 r
  U169/Y (AND2X1)                      2199420.00 34581544.00 r
  U170/Y (INVX1)                       707472.00  35289016.00 f
  U1045/Y (NAND2X1)                    1362948.00 36651964.00 r
  U1067/Y (NAND2X1)                    1152868.00 37804832.00 f
  U1068/Y (NAND2X1)                    1399480.00 39204312.00 r
  U1069/Y (NAND2X1)                    1157960.00 40362272.00 f
  U1083/Y (NAND2X1)                    879316.00  41241588.00 r
  U1085/Y (NAND2X1)                    930356.00  42171944.00 f
  U1097/Y (NAND2X1)                    881448.00  43053392.00 r
  U568/Y (AND2X1)                      1830392.00 44883784.00 r
  U261/Y (AND2X1)                      2181004.00 47064788.00 r
  U262/Y (INVX1)                       713468.00  47778256.00 f
  U582/Y (AND2X1)                      2037080.00 49815336.00 f
  U583/Y (INVX1)                       -296364.00 49518972.00 r
  U265/Y (INVX1)                       658424.00  50177396.00 f
  U266/Y (AND2X1)                      2466472.00 52643868.00 f
  U662/Y (INVX1)                       -1132548.00
                                                  51511320.00 r
  U1717/Y (NAND2X1)                    1057244.00 52568564.00 f
  U1718/Y (NAND2X1)                    1381276.00 53949840.00 r
  U1719/Y (NAND2X1)                    864664.00  54814504.00 f
  U1723/Y (NAND2X1)                    1345256.00 56159760.00 r
  U1725/Y (INVX1)                      1116312.00 57276072.00 f
  U1726/Y (NAND2X1)                    1290212.00 58566284.00 r
  U1732/Y (NAND2X1)                    1126568.00 59692852.00 f
  U1733/Y (NAND2X1)                    1752600.00 61445452.00 r
  U1735/Y (INVX1)                      1101472.00 62546924.00 f
  U1736/Y (NAND2X1)                    1290252.00 63837176.00 r
  U1746/Y (NAND2X1)                    848400.00  64685576.00 f
  U1747/Y (NAND2X1)                    1752620.00 66438196.00 r
  U1749/Y (INVX1)                      1115956.00 67554152.00 f
  U1750/Y (NAND2X1)                    1290216.00 68844368.00 r
  U1819/Y (NAND2X1)                    1126568.00 69970936.00 f
  U1820/Y (NAND2X1)                    1342752.00 71313688.00 r
  U1821/Y (INVX1)                      1096024.00 72409712.00 f
  U1822/Y (NAND2X1)                    1290272.00 73699984.00 r
  U1847/Y (NAND2X1)                    1230488.00 74930472.00 f
  U1848/Y (NAND2X1)                    887000.00  75817472.00 r
  U1917/Y (NAND2X1)                    1128408.00 76945880.00 f
  U1918/Y (XOR2X1)                     5351376.00 82297256.00 r
  U1919/Y (INVX1)                      1252944.00 83550200.00 f
  U1920/Y (NAND2X1)                    1289728.00 84839928.00 r
  U1921/Y (NAND2X1)                    1127752.00 85967680.00 f
  U1922/Y (XOR2X1)                     5292872.00 91260552.00 r
  U1926/Y (OR2X1)                      2322864.00 93583416.00 r
  U175/Y (AND2X1)                      2199480.00 95782896.00 r
  U176/Y (INVX1)                       707672.00  96490568.00 f
  U1934/Y (XOR2X1)                     5584152.00 102074720.00 r
  U1939/Y (OR2X1)                      2290608.00 104365328.00 r
  U1940/Y (NAND2X1)                    1051360.00 105416688.00 f
  U1956/Y (NAND2X1)                    1385144.00 106801832.00 r
  U1957/Y (NAND2X1)                    1151048.00 107952880.00 f
  U1958/Y (NAND2X1)                    1403896.00 109356776.00 r
  U1961/Y (OR2X1)                      2591184.00 111947960.00 r
  U1972/Y (NAND2X1)                    799696.00  112747656.00 f
  U1973/Y (NAND2X1)                    1384912.00 114132568.00 r
  U1976/Y (OR2X1)                      2547048.00 116679616.00 r
  U207/Y (AND2X1)                      2200408.00 118880024.00 r
  U208/Y (INVX1)                       707152.00  119587176.00 f
  U1978/Y (NAND2X1)                    1291616.00 120878792.00 r
  U1985/Y (NAND2X1)                    849664.00  121728456.00 f
  U1986/Y (NAND2X1)                    1400016.00 123128472.00 r
  U1987/Y (NAND2X1)                    1156088.00 124284560.00 f
  U1989/Y (NAND2X1)                    879272.00  125163832.00 r
  U1990/Y (NAND2X1)                    1155912.00 126319744.00 f
  U1992/Y (NAND2X1)                    1335848.00 127655592.00 r
  U663/Y (INVX1)                       1082896.00 128738488.00 f
  U664/Y (INVX1)                       533336.00  129271824.00 r
  U2146/Y (NAND2X1)                    1220168.00 130491992.00 f
  U2147/Y (NOR2X1)                     1194784.00 131686776.00 r
  U2150/Y (NAND2X1)                    834336.00  132521112.00 f
  U2152/Y (NAND2X1)                    1341864.00 133862976.00 r
  U2153/Y (INVX1)                      1116480.00 134979456.00 f
  U2154/Y (NAND2X1)                    1284224.00 136263680.00 r
  U2160/Y (NAND2X1)                    848064.00  137111744.00 f
  U2162/Y (NAND2X1)                    1343520.00 138455264.00 r
  U2163/Y (INVX1)                      1116704.00 139571968.00 f
  U245/Y (AND2X1)                      2034736.00 141606704.00 f
  U246/Y (INVX1)                       -1375856.00
                                                  140230848.00 r
  U2169/Y (NAND2X1)                    800432.00  141031280.00 f
  U2171/Y (NAND2X1)                    882640.00  141913920.00 r
  U2172/Y (NAND2X1)                    1150992.00 143064912.00 f
  U2174/Y (NAND2X1)                    885504.00  143950416.00 r
  U2175/Y (OR2X1)                      2582176.00 146532592.00 r
  U2181/Y (NAND2X1)                    804864.00  147337456.00 f
  U2183/Y (NAND2X1)                    1342272.00 148679728.00 r
  U2184/Y (INVX1)                      1116464.00 149796192.00 f
  U2188/Y (NAND2X1)                    919344.00  150715536.00 r
  U2194/Y (NAND2X1)                    848352.00  151563888.00 f
  U2196/Y (NAND2X1)                    882592.00  152446480.00 r
  U2200/Y (NAND2X1)                    865104.00  153311584.00 f
  U2201/Y (NAND2X1)                    1394784.00 154706368.00 r
  U2202/Y (NOR2X1)                     -320944.00 154385424.00 f
  U2203/Y (NAND2X1)                    1397680.00 155783104.00 r
  U2216/Y (NAND2X1)                    866464.00  156649568.00 f
  U2220/Y (NAND2X1)                    879328.00  157528896.00 r
  U2231/Y (NOR2X1)                     -294000.00 157234896.00 f
  U416/Y (NAND2X1)                     1395552.00 158630448.00 r
  U400/Y (INVX1)                       1139008.00 159769456.00 f
  U401/Y (INVX1)                       969024.00  160738480.00 r
  U2236/Y (INVX1)                      647744.00  161386224.00 f
  U2288/Y (NAND2X1)                    1287360.00 162673584.00 r
  U2291/Y (NAND2X1)                    849616.00  163523200.00 f
  U2299/Y (OR2X1)                      2089008.00 165612208.00 f
  U171/Y (AND2X1)                      2435056.00 168047264.00 f
  U172/Y (INVX1)                       -1336016.00
                                                  166711248.00 r
  U2300/Y (NAND2X1)                    802112.00  167513360.00 f
  U2301/Y (OR2X1)                      2092112.00 169605472.00 f
  U2305/Y (NAND2X1)                    871968.00  170477440.00 r
  U2307/Y (NAND2X1)                    863856.00  171341296.00 f
  U2308/Y (NAND2X1)                    1399440.00 172740736.00 r
  U2310/Y (NAND2X1)                    867584.00  173608320.00 f
  U2319/Y (NAND2X1)                    1399392.00 175007712.00 r
  U2326/Y (NAND2X1)                    866752.00  175874464.00 f
  U2327/Y (NAND2X1)                    1390576.00 177265040.00 r
  U2329/Y (NAND2X1)                    866160.00  178131200.00 f
  U2339/Y (NAND2X1)                    1380256.00 179511456.00 r
  U2344/Y (NAND2X1)                    863648.00  180375104.00 f
  U2345/Y (NAND2X1)                    1390496.00 181765600.00 r
  U2347/Y (NAND2X1)                    865312.00  182630912.00 f
  U2348/Y (NAND2X1)                    1399456.00 184030368.00 r
  U2349/Y (NAND2X1)                    1155936.00 185186304.00 f
  U2351/Y (NAND2X1)                    885200.00  186071504.00 r
  U2358/Y (OR2X1)                      2585184.00 188656688.00 r
  U159/Y (AND2X1)                      2198880.00 190855568.00 r
  U160/Y (INVX1)                       707872.00  191563440.00 f
  U2359/Y (OR2X1)                      2115280.00 193678720.00 f
  U2360/Y (NAND2X1)                    870736.00  194549456.00 r
  U2362/Y (NAND2X1)                    862640.00  195412096.00 f
  U2363/Y (NAND2X1)                    1394768.00 196806864.00 r
  U2364/Y (NAND2X1)                    866000.00  197672864.00 f
  U2372/Y (NAND2X1)                    881152.00  198554016.00 r
  out[1] (out)                             0.00   198554016.00 r
  data arrival time                               198554016.00

  clock clk (rise edge)                200000000.00
                                                  200000000.00
  clock network delay (ideal)              0.00   200000000.00
  output external delay                    0.00   200000000.00
  data required time                              200000000.00
  -----------------------------------------------------------
  data required time                              200000000.00
  data arrival time                               -198554016.00
  -----------------------------------------------------------
  slack (MET)                                     1445984.00


1
