 
****************************************
Report : timing
        -path full
        -delay max
        -max_paths 1
Design : top
Version: S-2021.06-SP2
Date   : Fri Dec  8 20:41:41 2023
****************************************

Operating Conditions: TT   Library: PPDK_Standard_Library_1.0V_25C_TYP_X1
Wire Load Model Mode: top

  Startpoint: inp[0] (input port clocked by clk)
  Endpoint: out[0] (output port clocked by clk)
  Path Group: clk
  Path Type: max

  Point                                    Incr       Path
  -----------------------------------------------------------
  clock clk (rise edge)                    0.00       0.00
  clock network delay (ideal)              0.00       0.00
  input external delay                     0.00       0.00 f
  inp[0] (in)                              0.00       0.00 f
  U416/Y (INVX1)                       576232.88  576232.88 r
  U274/Y (AND2X1)                      2198660.00 2774893.00 r
  U275/Y (INVX1)                       707942.50  3482835.50 f
  U334/Y (AND2X1)                      2460905.50 5943741.00 f
  U419/Y (NAND2X1)                     859735.00  6803476.00 r
  U306/Y (AND2X1)                      2169163.00 8972639.00 r
  U258/Y (AND2X1)                      2181133.00 11153772.00 r
  U259/Y (INVX1)                       713650.00  11867422.00 f
  U320/Y (AND2X1)                      2460905.00 14328327.00 f
  U202/Y (AND2X1)                      2051610.00 16379937.00 f
  U203/Y (INVX1)                       -1189962.00
                                                  15189975.00 r
  U304/Y (AND2X1)                      2201987.00 17391962.00 r
  U305/Y (INVX1)                       712250.00  18104212.00 f
  U429/Y (NAND2X1)                     1285616.00 19389828.00 r
  U288/Y (AND2X1)                      1830462.00 21220290.00 r
  U248/Y (AND2X1)                      2181456.00 23401746.00 r
  U249/Y (INVX1)                       713322.00  24115068.00 f
  U163/Y (AND2X1)                      2034874.00 26149942.00 f
  U164/Y (INVX1)                       -1175182.00
                                                  24974760.00 r
  U328/Y (AND2X1)                      2198884.00 27173644.00 r
  U329/Y (INVX1)                       707870.00  27881514.00 f
  U431/Y (NAND2X1)                     1285772.00 29167286.00 r
  U286/Y (AND2X1)                      1830402.00 30997688.00 r
  U287/Y (INVX1)                       713144.00  31710832.00 f
  U332/Y (AND2X1)                      2458080.00 34168912.00 f
  U333/Y (INVX1)                       -1175040.00
                                                  32993872.00 r
  U434/Y (NAND2X1)                     1050600.00 34044472.00 f
  U312/Y (AND2X1)                      2046588.00 36091060.00 f
  U313/Y (INVX1)                       -1189188.00
                                                  34901872.00 r
  U338/Y (AND2X1)                      2199080.00 37100952.00 r
  U339/Y (INVX1)                       707804.00  37808756.00 f
  U165/Y (AND2X1)                      2458052.00 40266808.00 f
  U166/Y (INVX1)                       -1175212.00
                                                  39091596.00 r
  U342/Y (AND2X1)                      1881336.00 40972932.00 r
  U343/Y (INVX1)                       707868.00  41680800.00 f
  U442/Y (NAND2X1)                     1285772.00 42966572.00 r
  U350/Y (AND2X1)                      1818748.00 44785320.00 r
  U351/Y (INVX1)                       708600.00  45493920.00 f
  U444/Y (OR2X1)                       2117880.00 47611800.00 f
  U445/Y (NAND2X1)                     870668.00  48482468.00 r
  U181/Y (AND2X1)                      1818724.00 50301192.00 r
  U182/Y (INVX1)                       708092.00  51009284.00 f
  U446/Y (OR2X1)                       2115244.00 53124528.00 f
  U447/Y (NAND2X1)                     870728.00  53995256.00 r
  U226/Y (AND2X1)                      1818716.00 55813972.00 r
  U227/Y (INVX1)                       708476.00  56522448.00 f
  U224/Y (AND2X1)                      2457980.00 58980428.00 f
  U225/Y (INVX1)                       -1187852.00
                                                  57792576.00 r
  U185/Y (OR2X1)                       1775928.00 59568504.00 r
  U186/Y (INVX1)                       707252.00  60275756.00 f
  U463/Y (NAND2X1)                     1285916.00 61561672.00 r
  U232/Y (AND2X1)                      1818716.00 63380388.00 r
  U233/Y (INVX1)                       712540.00  64092928.00 f
  U464/Y (NOR2X1)                      1157488.00 65250416.00 r
  U135/Y (AND2X1)                      1842624.00 67093040.00 r
  U136/Y (INVX1)                       707648.00  67800688.00 f
  U465/Y (NOR2X1)                      1157496.00 68958184.00 r
  U466/Y (AND2X1)                      1069840.00 70028024.00 r
  U467/Y (NOR2X1)                      120192.00  70148216.00 f
  out[0] (out)                             0.00   70148216.00 f
  data arrival time                               70148216.00

  clock clk (rise edge)                200000000.00
                                                  200000000.00
  clock network delay (ideal)              0.00   200000000.00
  output external delay                    0.00   200000000.00
  data required time                              200000000.00
  -----------------------------------------------------------
  data required time                              200000000.00
  data arrival time                               -70148216.00
  -----------------------------------------------------------
  slack (MET)                                     129851784.00


1
