****************************************
Report : timing
	-path_type full
	-delay_type max
	-max_paths 1
	-sort_by slack
Design : top
Version: T-2022.03-SP5
Date   : Fri Dec  8 20:41:45 2023
****************************************


  Startpoint: inp[0] (input port clocked by clk)
  Endpoint: out[0] (output port clocked by clk)
  Path Group: clk
  Path Type: max

  Point                                    Incr       Path
  ---------------------------------------------------------------
  clock clk (rise edge)                    0.00       0.00
  clock network delay (ideal)              0.00       0.00
  input external delay                     0.00       0.00 f
  inp[0] (in)                              0.00       0.00 f
  U416/Y (INVX1)                       576232.00  576232.00 r
  U274/Y (AND2X1)                      2198656.00 2774888.00 r
  U275/Y (INVX1)                       707944.00  3482832.00 f
  U334/Y (AND2X1)                      2460904.00 5943736.00 f
  U419/Y (NAND2X1)                     859740.00  6803476.00 r
  U306/Y (AND2X1)                      2169140.00 8972616.00 r
  U258/Y (AND2X1)                      2181112.00 11153728.00 r
  U259/Y (INVX1)                       713652.00  11867380.00 f
  U320/Y (AND2X1)                      2460904.00 14328284.00 f
  U202/Y (AND2X1)                      2051604.00 16379888.00 f
  U203/Y (INVX1)                       -1189960.00
                                                  15189928.00 r
  U304/Y (AND2X1)                      2202004.00 17391932.00 r
  U305/Y (INVX1)                       712244.00  18104176.00 f
  U429/Y (NAND2X1)                     1285616.00 19389792.00 r
  U288/Y (AND2X1)                      1830452.00 21220244.00 r
  U248/Y (AND2X1)                      2181436.00 23401680.00 r
  U249/Y (INVX1)                       713328.00  24115008.00 f
  U163/Y (AND2X1)                      2034872.00 26149880.00 f
  U164/Y (INVX1)                       -1175192.00
                                                  24974688.00 r
  U328/Y (AND2X1)                      2198880.00 27173568.00 r
  U329/Y (INVX1)                       707872.00  27881440.00 f
  U431/Y (NAND2X1)                     1285772.00 29167212.00 r
  U286/Y (AND2X1)                      1830408.00 30997620.00 r
  U287/Y (INVX1)                       713140.00  31710760.00 f
  U332/Y (AND2X1)                      2458080.00 34168840.00 f
  U333/Y (INVX1)                       -1175032.00
                                                  32993808.00 r
  U434/Y (NAND2X1)                     1050604.00 34044412.00 f
  U312/Y (AND2X1)                      2046604.00 36091016.00 f
  U313/Y (INVX1)                       -1189188.00
                                                  34901828.00 r
  U338/Y (AND2X1)                      2199072.00 37100900.00 r
  U339/Y (INVX1)                       707804.00  37808704.00 f
  U165/Y (AND2X1)                      2458056.00 40266760.00 f
  U166/Y (INVX1)                       -1175224.00
                                                  39091536.00 r
  U342/Y (AND2X1)                      1881336.00 40972872.00 r
  U343/Y (INVX1)                       707868.00  41680740.00 f
  U442/Y (NAND2X1)                     1285772.00 42966512.00 r
  U350/Y (AND2X1)                      1818752.00 44785264.00 r
  U351/Y (INVX1)                       708600.00  45493864.00 f
  U444/Y (OR2X1)                       2117884.00 47611748.00 f
  U445/Y (NAND2X1)                     870660.00  48482408.00 r
  U181/Y (AND2X1)                      1818732.00 50301140.00 r
  U182/Y (INVX1)                       708092.00  51009232.00 f
  U446/Y (OR2X1)                       2115248.00 53124480.00 f
  U447/Y (NAND2X1)                     870720.00  53995200.00 r
  U226/Y (AND2X1)                      1818724.00 55813924.00 r
  U227/Y (INVX1)                       708476.00  56522400.00 f
  U224/Y (AND2X1)                      2457984.00 58980384.00 f
  U225/Y (INVX1)                       -1187852.00
                                                  57792532.00 r
  U185/Y (OR2X1)                       1775916.00 59568448.00 r
  U186/Y (INVX1)                       707240.00  60275688.00 f
  U463/Y (NAND2X1)                     1285916.00 61561604.00 r
  U232/Y (AND2X1)                      1818724.00 63380328.00 r
  U233/Y (INVX1)                       712544.00  64092872.00 f
  U464/Y (NOR2X1)                      1157488.00 65250360.00 r
  U135/Y (AND2X1)                      1842628.00 67092988.00 r
  U136/Y (INVX1)                       707644.00  67800632.00 f
  U465/Y (NOR2X1)                      1157496.00 68958128.00 r
  U466/Y (AND2X1)                      1069856.00 70027984.00 r
  U467/Y (NOR2X1)                      120192.00  70148176.00 f
  out[0] (out)                             0.00   70148176.00 f
  data arrival time                               70148176.00

  clock clk (rise edge)                200000000.00
                                                  200000000.00
  clock network delay (ideal)              0.00   200000000.00
  clock reconvergence pessimism            0.00   200000000.00
  output external delay                    0.00   200000000.00
  data required time                              200000000.00
  ---------------------------------------------------------------
  data required time                              200000000.00
  data arrival time                               -70148176.00
  ---------------------------------------------------------------
  slack (MET)                                     129851824.00


1
