Information: Updating design information... (UID-85)
 
****************************************
Report : qor
Design : top
Version: S-2021.06-SP2
Date   : Fri Dec  8 20:41:41 2023
****************************************


  Timing Path Group 'clk'
  -----------------------------------
  Levels of Logic:              59.00
  Critical Path Length:   70148216.00
  Critical Path Slack:   129851784.00
  Critical Path Clk Period:
                         200000000.00
  Total Negative Slack:          0.00
  No. of Violating Paths:        0.00
  Worst Hold Violation:          0.00
  Total Hold Violation:          0.00
  No. of Hold Violations:        0.00
  -----------------------------------


  Cell Count
  -----------------------------------
  Hierarchical Cell Count:          0
  Hierarchical Port Count:          0
  Leaf Cell Count:                333
  Buf/Inv Cell Count:             136
  Buf Cell Count:                   0
  Inv Cell Count:                 136
  CT Buf/Inv Cell Count:            0
  Combinational Cell Count:       333
  Sequential Cell Count:            0
  Macro Count:                      0
  -----------------------------------


  Area
  -----------------------------------
  Combinational Area:
                     116235126.000000
  Noncombinational Area:     0.000000
  Buf/Inv Area:       31065120.000000
  Total Buffer Area:             0.00
  Total Inverter Area:    31065120.00
  Macro/Black Box Area:      0.000000
  Net Area:                  0.000000
  -----------------------------------
  Cell Area:         116235126.000000
  Design Area:       116235126.000000


  Design Rules
  -----------------------------------
  Total Number of Nets:           349
  Nets With Violations:           333
  Max Trans Violations:           333
  Max Cap Violations:               0
  -----------------------------------


  Hostname: kamino.ceid.upatras.gr

  Compile CPU Statistics
  -----------------------------------------
  Resource Sharing:                    0.42
  Logic Optimization:                  0.03
  Mapping Optimization:                0.38
  -----------------------------------------
  Overall Compile Time:                3.65
  Overall Compile Wall Clock Time:     4.01

  --------------------------------------------------------------------

  Design  WNS: 0.00  TNS: 0.00  Number of Violating Paths: 0


  Design (Hold)  WNS: 0.00  TNS: 0.00  Number of Violating Paths: 0

  --------------------------------------------------------------------


1
