****************************************
Report : Averaged Power
Design : top
Version: T-2022.03-SP5
Date   : Fri Dec  8 20:41:53 2023
****************************************



  Attributes
  ----------
      i  -  Including register clock pin internal power
      u  -  User defined power group

                        Internal  Switching  Leakage    Total
Power Group             Power     Power      Power      Power   (     %)  Attrs
--------------------------------------------------------------------------------
clock_network              0.0000    0.0000    0.0000    0.0000 ( 0.00%)  i
register                   0.0000    0.0000    0.0000    0.0000 ( 0.00%)  
combinational           3.516e-04 1.970e-06 4.348e-03 4.701e-03 (100.00%) 
sequential                 0.0000    0.0000    0.0000    0.0000 ( 0.00%)  
memory                     0.0000    0.0000    0.0000    0.0000 ( 0.00%)  
io_pad                     0.0000    0.0000    0.0000    0.0000 ( 0.00%)  
black_box                  0.0000    0.0000    0.0000    0.0000 ( 0.00%)  

  Net Switching Power  = 1.970e-06   ( 0.04%)
  Cell Internal Power  = 3.516e-04   ( 7.48%)
  Cell Leakage Power   = 4.348e-03   (92.48%)
                         ---------
Total Power            = 4.701e-03  (100.00%)

1
