Information: Updating design information... (UID-85)
 
****************************************
Report : qor
Design : top
Version: S-2021.06-SP2
Date   : Fri Dec  8 20:41:42 2023
****************************************


  Timing Path Group (none)
  -----------------------------------
  Levels of Logic:               0.00
  Critical Path Length:          0.00
  Critical Path Slack:         uninit
  Critical Path Clk Period:
                         200000000.00
  Total Negative Slack:          0.00
  No. of Violating Paths:        0.00
  Worst Hold Violation:          0.00
  Total Hold Violation:          0.00
  No. of Hold Violations:        0.00
  -----------------------------------


  Cell Count
  -----------------------------------
  Hierarchical Cell Count:          0
  Hierarchical Port Count:          0
  Leaf Cell Count:                  0
  Buf/Inv Cell Count:               0
  Buf Cell Count:                   0
  Inv Cell Count:                   0
  CT Buf/Inv Cell Count:            0
  Combinational Cell Count:         0
  Sequential Cell Count:            0
  Macro Count:                      0
  -----------------------------------


  Area
  -----------------------------------
  Combinational Area:        0.000000
  Noncombinational Area:     0.000000
  Buf/Inv Area:              0.000000
  Total Buffer Area:             0.00
  Total Inverter Area:           0.00
  Macro/Black Box Area:      0.000000
  Net Area:                  0.000000
  -----------------------------------
  Cell Area:                 0.000000
  Design Area:               0.000000


  Design Rules
  -----------------------------------
  Total Number of Nets:             0
  Nets With Violations:             0
  Max Trans Violations:             0
  Max Cap Violations:               0
  -----------------------------------


  Hostname: kamino.ceid.upatras.gr

  Compile CPU Statistics
  -----------------------------------------
  Resource Sharing:                    0.00
  Logic Optimization:                  0.02
  Mapping Optimization:                0.04
  -----------------------------------------
  Overall Compile Time:                0.38
  Overall Compile Wall Clock Time:     5.71

  --------------------------------------------------------------------

  Design  WNS: 0.00  TNS: 0.00  Number of Violating Paths: 0


  Design (Hold)  WNS: 0.00  TNS: 0.00  Number of Violating Paths: 0

  --------------------------------------------------------------------


1
