 
****************************************
Report : timing
        -path full
        -delay max
        -max_paths 1
Design : top
Version: S-2021.06-SP2
Date   : Fri Dec  8 20:42:01 2023
****************************************

Operating Conditions: TT   Library: PPDK_Standard_Library_1.0V_25C_TYP_X1
Wire Load Model Mode: top

  Startpoint: inp[25] (input port clocked by clk)
  Endpoint: out[1] (output port clocked by clk)
  Path Group: clk
  Path Type: max

  Point                                    Incr       Path
  -----------------------------------------------------------
  clock clk (rise edge)                    0.00       0.00
  clock network delay (ideal)              0.00       0.00
  input external delay                     0.00       0.00 r
  inp[25] (in)                             0.00       0.00 r
  U238/Y (AND2X1)                      2207109.00 2207109.00 r
  U333/Y (INVX1)                       705666.75  2912775.75 f
  U1325/Y (NAND2X1)                    1303634.75 4216410.50 r
  U2456/Y (XOR2X1)                     4656999.50 8873410.00 f
  U1065/Y (XNOR2X1)                    6278154.00 15151564.00 f
  U2458/Y (XOR2X1)                     5390296.00 20541860.00 r
  U675/Y (XNOR2X1)                     5498330.00 26040190.00 r
  U2594/Y (INVX1)                      955568.00  26995758.00 f
  U665/Y (AND2X1)                      2034792.00 29030550.00 f
  U666/Y (INVX1)                       -1200138.00
                                                  27830412.00 r
  U2595/Y (NAND2X1)                    1054274.00 28884686.00 f
  U2908/Y (XOR2X1)                     5245462.00 34130148.00 r
  U3024/Y (XOR2X1)                     4328932.00 38459080.00 f
  U243/Y (XNOR2X1)                     6152316.00 44611396.00 f
  U3165/Y (XOR2X1)                     5236268.00 49847664.00 r
  U244/Y (XNOR2X1)                     5705752.00 55553416.00 r
  U3167/Y (OR2X1)                      1882608.00 57436024.00 r
  U3214/Y (NAND2X1)                    802940.00  58238964.00 f
  U3216/Y (NAND2X1)                    892920.00  59131884.00 r
  U3217/Y (NAND2X1)                    1152348.00 60284232.00 f
  U3219/Y (NAND2X1)                    897232.00  61181464.00 r
  U3220/Y (OR2X1)                      2605988.00 63787452.00 r
  U3224/Y (NAND2X1)                    799456.00  64586908.00 f
  U1016/Y (AND2X1)                     2045552.00 66632460.00 f
  U1017/Y (INVX1)                      -1275332.00
                                                  65357128.00 r
  U3226/Y (OR2X1)                      1650848.00 67007976.00 r
  U3230/Y (NAND2X1)                    804824.00  67812800.00 f
  U3232/Y (NAND2X1)                    896808.00  68709608.00 r
  U3237/Y (NAND2X1)                    863792.00  69573400.00 f
  U720/Y (AND2X1)                      1853448.00 71426848.00 f
  U557/Y (OR2X1)                       2081208.00 73508056.00 f
  U3282/Y (NAND2X1)                    872024.00  74380080.00 r
  U3284/Y (NAND2X1)                    865384.00  75245464.00 f
  U3285/Y (NOR2X1)                     1640480.00 76885944.00 r
  U3286/Y (INVX1)                      1013136.00 77899080.00 f
  U4057/Y (NAND2X1)                    1292312.00 79191392.00 r
  U4405/Y (XOR2X1)                     4785040.00 83976432.00 f
  U4406/Y (XOR2X1)                     5957584.00 89934016.00 r
  U801/Y (AND2X1)                      1823360.00 91757376.00 r
  U802/Y (INVX1)                       715680.00  92473056.00 f
  U645/Y (AND2X1)                      2034872.00 94507928.00 f
  U646/Y (INVX1)                       -1291992.00
                                                  93215936.00 r
  U656/Y (AND2X1)                      1881904.00 95097840.00 r
  U657/Y (INVX1)                       708104.00  95805944.00 f
  U4414/Y (OR2X1)                      2115208.00 97921152.00 f
  U728/Y (AND2X1)                      2048496.00 99969648.00 f
  U729/Y (INVX1)                       -1452968.00
                                                  98516680.00 r
  U4418/Y (NAND2X1)                    805312.00  99321992.00 f
  U4422/Y (OR2X1)                      2087728.00 101409720.00 f
  U725/Y (AND2X1)                      1851408.00 103261128.00 f
  U565/Y (NOR2X1)                      1632944.00 104894072.00 r
  U658/Y (INVX1)                       999728.00  105893800.00 f
  U4426/Y (OR2X1)                      2115440.00 108009240.00 f
  U726/Y (AND2X1)                      2048496.00 110057736.00 f
  U727/Y (INVX1)                       -1447968.00
                                                  108609768.00 r
  U4430/Y (NAND2X1)                    805312.00  109415080.00 f
  U643/Y (AND2X1)                      1853488.00 111268568.00 f
  U641/Y (OR2X1)                       2086008.00 113354576.00 f
  U4441/Y (OR2X1)                      2082376.00 115436952.00 f
  U730/Y (AND2X1)                      1851408.00 117288360.00 f
  U639/Y (NOR2X1)                      1632928.00 118921288.00 r
  U659/Y (INVX1)                       999728.00  119921016.00 f
  U4447/Y (OR2X1)                      2115440.00 122036456.00 f
  U583/Y (AND2X1)                      2048496.00 124084952.00 f
  U584/Y (INVX1)                       -1447968.00
                                                  122636984.00 r
  U4451/Y (NAND2X1)                    805312.00  123442296.00 f
  U4455/Y (OR2X1)                      2088976.00 125531272.00 f
  U723/Y (AND2X1)                      2048096.00 127579368.00 f
  U724/Y (INVX1)                       -1452736.00
                                                  126126632.00 r
  U4458/Y (NAND2X1)                    1056264.00 127182896.00 f
  U4462/Y (OR2X1)                      2092320.00 129275216.00 f
  U721/Y (AND2X1)                      2048152.00 131323368.00 f
  U722/Y (INVX1)                       -1452968.00
                                                  129870400.00 r
  U4465/Y (NAND2X1)                    1056264.00 130926664.00 f
  U561/Y (AND2X1)                      2243376.00 133170040.00 f
  U564/Y (OR2X1)                       2076104.00 135246144.00 f
  U563/Y (AND2X1)                      2246736.00 137492880.00 f
  U570/Y (AND2X1)                      2242592.00 139735472.00 f
  U567/Y (NOR2X1)                      1643376.00 141378848.00 r
  U4475/Y (XOR2X1)                     4761008.00 146139856.00 f
  U4476/Y (XOR2X1)                     6003184.00 152143040.00 r
  U4477/Y (XOR2X1)                     4355472.00 156498512.00 f
  U4687/Y (OR2X1)                      2057936.00 158556448.00 f
  U670/Y (AND2X1)                      1851344.00 160407792.00 f
  U669/Y (AND2X1)                      2432912.00 162840704.00 f
  U1068/Y (OR2X1)                      2073200.00 164913904.00 f
  U5118/Y (NAND2X1)                    1425152.00 166339056.00 r
  U5122/Y (NAND2X1)                    870928.00  167209984.00 f
  U5123/Y (NAND2X1)                    881200.00  168091184.00 r
  U5132/Y (NAND2X1)                    848288.00  168939472.00 f
  U5134/Y (NAND2X1)                    881200.00  169820672.00 r
  U5145/Y (NAND2X1)                    848288.00  170668960.00 f
  U5147/Y (NAND2X1)                    881200.00  171550160.00 r
  U652/Y (NAND2X1)                     1126416.00 172676576.00 f
  U635/Y (NAND2X1)                     1394752.00 174071328.00 r
  U650/Y (AND2X1)                      1795408.00 175866736.00 r
  U651/Y (INVX1)                       713232.00  176579968.00 f
  U5245/Y (NAND2X1)                    918864.00  177498832.00 r
  U668/Y (AND2X1)                      687152.00  178185984.00 r
  U5275/Y (NOR2X1)                     -173280.00 178012704.00 f
  U1063/Y (NAND2X1)                    1337296.00 179350000.00 r
  U5276/Y (INVX1)                      1213168.00 180563168.00 f
  U5290/Y (NAND2X1)                    918736.00  181481904.00 r
  U5292/Y (AND2X1)                     1797312.00 183279216.00 r
  U5294/Y (NAND2X1)                    835920.00  184115136.00 f
  U5295/Y (NAND2X1)                    1397424.00 185512560.00 r
  U5297/Y (NAND2X1)                    866432.00  186378992.00 f
  U5299/Y (NAND2X1)                    886160.00  187265152.00 r
  U5300/Y (NAND2X1)                    863664.00  188128816.00 f
  U5311/Y (NAND2X1)                    886160.00  189014976.00 r
  U5314/Y (NAND2X1)                    863680.00  189878656.00 f
  U5336/Y (NAND2X1)                    879344.00  190758000.00 r
  U1075/Y (NAND2X1)                    874608.00  191632608.00 f
  U5362/Y (NAND2X1)                    879424.00  192512032.00 r
  U5369/Y (NAND2X1)                    874608.00  193386640.00 f
  U5409/Y (NAND2X1)                    879424.00  194266064.00 r
  U5422/Y (NAND2X1)                    866256.00  195132320.00 f
  U660/Y (AND2X1)                      1853936.00 196986256.00 f
  U5454/Y (NOR2X1)                     1213600.00 198199856.00 r
  U5463/Y (NOR2X1)                     74320.00   198274176.00 f
  U5464/Y (NAND2X1)                    883152.00  199157328.00 r
  U5469/Y (AND2X1)                     781216.00  199938544.00 r
  out[1] (out)                             0.00   199938544.00 r
  data arrival time                               199938544.00

  clock clk (rise edge)                200000000.00
                                                  200000000.00
  clock network delay (ideal)              0.00   200000000.00
  output external delay                    0.00   200000000.00
  data required time                              200000000.00
  -----------------------------------------------------------
  data required time                              200000000.00
  data arrival time                               -199938544.00
  -----------------------------------------------------------
  slack (MET)                                     61456.00


1
