****************************************
Report : timing
	-path_type full
	-delay_type max
	-max_paths 1
	-sort_by slack
Design : top
Version: T-2022.03-SP5
Date   : Fri Dec  8 20:42:05 2023
****************************************


  Startpoint: inp[25] (input port clocked by clk)
  Endpoint: out[1] (output port clocked by clk)
  Path Group: clk
  Path Type: max

  Point                                    Incr       Path
  ---------------------------------------------------------------
  clock clk (rise edge)                    0.00       0.00
  clock network delay (ideal)              0.00       0.00
  input external delay                     0.00       0.00 r
  inp[25] (in)                             0.00       0.00 r
  U238/Y (AND2X1)                      2207104.00 2207104.00 r
  U333/Y (INVX1)                       705664.00  2912768.00 f
  U1325/Y (NAND2X1)                    1303632.00 4216400.00 r
  U2456/Y (XOR2X1)                     4657088.00 8873488.00 f
  U1065/Y (XNOR2X1)                    6278048.00 15151536.00 f
  U2458/Y (XOR2X1)                     5390256.00 20541792.00 r
  U675/Y (XNOR2X1)                     5498400.00 26040192.00 r
  U2594/Y (INVX1)                      955584.00  26995776.00 f
  U665/Y (AND2X1)                      2034784.00 29030560.00 f
  U666/Y (INVX1)                       -1200160.00
                                                  27830400.00 r
  U2595/Y (NAND2X1)                    1054272.00 28884672.00 f
  U2908/Y (XOR2X1)                     5245424.00 34130096.00 r
  U3024/Y (XOR2X1)                     4328976.00 38459072.00 f
  U243/Y (XNOR2X1)                     6152272.00 44611344.00 f
  U3165/Y (XOR2X1)                     5236208.00 49847552.00 r
  U244/Y (XNOR2X1)                     5705616.00 55553168.00 r
  U3167/Y (OR2X1)                      1882592.00 57435760.00 r
  U3214/Y (NAND2X1)                    802944.00  58238704.00 f
  U3216/Y (NAND2X1)                    892928.00  59131632.00 r
  U3217/Y (NAND2X1)                    1152336.00 60283968.00 f
  U3219/Y (NAND2X1)                    897232.00  61181200.00 r
  U3220/Y (OR2X1)                      2605936.00 63787136.00 r
  U3224/Y (NAND2X1)                    799456.00  64586592.00 f
  U1016/Y (AND2X1)                     2045552.00 66632144.00 f
  U1017/Y (INVX1)                      -1275344.00
                                                  65356800.00 r
  U3226/Y (OR2X1)                      1650840.00 67007640.00 r
  U3230/Y (NAND2X1)                    804824.00  67812464.00 f
  U3232/Y (NAND2X1)                    896816.00  68709280.00 r
  U3237/Y (NAND2X1)                    863792.00  69573072.00 f
  U720/Y (AND2X1)                      1853440.00 71426512.00 f
  U557/Y (OR2X1)                       2081216.00 73507728.00 f
  U3282/Y (NAND2X1)                    872032.00  74379760.00 r
  U3284/Y (NAND2X1)                    865392.00  75245152.00 f
  U3285/Y (NOR2X1)                     1640488.00 76885640.00 r
  U3286/Y (INVX1)                      1013136.00 77898776.00 f
  U4057/Y (NAND2X1)                    1292312.00 79191088.00 r
  U4405/Y (XOR2X1)                     4784888.00 83975976.00 f
  U4406/Y (XOR2X1)                     5957656.00 89933632.00 r
  U801/Y (AND2X1)                      1823360.00 91756992.00 r
  U802/Y (INVX1)                       715688.00  92472680.00 f
  U645/Y (AND2X1)                      2034872.00 94507552.00 f
  U646/Y (INVX1)                       -1292016.00
                                                  93215536.00 r
  U656/Y (AND2X1)                      1881904.00 95097440.00 r
  U657/Y (INVX1)                       708104.00  95805544.00 f
  U4414/Y (OR2X1)                      2115208.00 97920752.00 f
  U728/Y (AND2X1)                      2048488.00 99969240.00 f
  U729/Y (INVX1)                       -1452976.00
                                                  98516264.00 r
  U4418/Y (NAND2X1)                    805312.00  99321576.00 f
  U4422/Y (OR2X1)                      2087704.00 101409280.00 f
  U725/Y (AND2X1)                      1851400.00 103260680.00 f
  U565/Y (NOR2X1)                      1632936.00 104893616.00 r
  U658/Y (INVX1)                       999728.00  105893344.00 f
  U4426/Y (OR2X1)                      2115440.00 108008784.00 f
  U726/Y (AND2X1)                      2048496.00 110057280.00 f
  U727/Y (INVX1)                       -1447984.00
                                                  108609296.00 r
  U4430/Y (NAND2X1)                    805312.00  109414608.00 f
  U643/Y (AND2X1)                      1853488.00 111268096.00 f
  U641/Y (OR2X1)                       2086032.00 113354128.00 f
  U4441/Y (OR2X1)                      2082344.00 115436472.00 f
  U730/Y (AND2X1)                      1851400.00 117287872.00 f
  U639/Y (NOR2X1)                      1632920.00 118920792.00 r
  U659/Y (INVX1)                       999736.00  119920528.00 f
  U4447/Y (OR2X1)                      2115432.00 122035960.00 f
  U583/Y (AND2X1)                      2048496.00 124084456.00 f
  U584/Y (INVX1)                       -1447984.00
                                                  122636472.00 r
  U4451/Y (NAND2X1)                    805320.00  123441792.00 f
  U4455/Y (OR2X1)                      2088944.00 125530736.00 f
  U723/Y (AND2X1)                      2048096.00 127578832.00 f
  U724/Y (INVX1)                       -1452784.00
                                                  126126048.00 r
  U4458/Y (NAND2X1)                    1056272.00 127182320.00 f
  U4462/Y (OR2X1)                      2092304.00 129274624.00 f
  U721/Y (AND2X1)                      2048144.00 131322768.00 f
  U722/Y (INVX1)                       -1453016.00
                                                  129869752.00 r
  U4465/Y (NAND2X1)                    1056272.00 130926024.00 f
  U561/Y (AND2X1)                      2243384.00 133169408.00 f
  U564/Y (OR2X1)                       2076112.00 135245520.00 f
  U563/Y (AND2X1)                      2246752.00 137492272.00 f
  U570/Y (AND2X1)                      2242592.00 139734864.00 f
  U567/Y (NOR2X1)                      1643360.00 141378224.00 r
  U4475/Y (XOR2X1)                     4761040.00 146139264.00 f
  U4476/Y (XOR2X1)                     6002928.00 152142192.00 r
  U4477/Y (XOR2X1)                     4355520.00 156497712.00 f
  U4687/Y (OR2X1)                      2057888.00 158555600.00 f
  U670/Y (AND2X1)                      1851344.00 160406944.00 f
  U669/Y (AND2X1)                      2432928.00 162839872.00 f
  U1068/Y (OR2X1)                      2073152.00 164913024.00 f
  U5118/Y (NAND2X1)                    1425168.00 166338192.00 r
  U5122/Y (NAND2X1)                    870944.00  167209136.00 f
  U5123/Y (NAND2X1)                    881184.00  168090320.00 r
  U5132/Y (NAND2X1)                    848304.00  168938624.00 f
  U5134/Y (NAND2X1)                    881200.00  169819824.00 r
  U5145/Y (NAND2X1)                    848288.00  170668112.00 f
  U5147/Y (NAND2X1)                    881200.00  171549312.00 r
  U652/Y (NAND2X1)                     1126432.00 172675744.00 f
  U635/Y (NAND2X1)                     1394736.00 174070480.00 r
  U650/Y (AND2X1)                      1795424.00 175865904.00 r
  U651/Y (INVX1)                       713232.00  176579136.00 f
  U5245/Y (NAND2X1)                    918848.00  177497984.00 r
  U668/Y (AND2X1)                      687184.00  178185168.00 r
  U5275/Y (NOR2X1)                     -173296.00 178011872.00 f
  U1063/Y (NAND2X1)                    1337296.00 179349168.00 r
  U5276/Y (INVX1)                      1213168.00 180562336.00 f
  U5290/Y (NAND2X1)                    918752.00  181481088.00 r
  U5292/Y (AND2X1)                     1797296.00 183278384.00 r
  U5294/Y (NAND2X1)                    835920.00  184114304.00 f
  U5295/Y (NAND2X1)                    1397440.00 185511744.00 r
  U5297/Y (NAND2X1)                    866432.00  186378176.00 f
  U5299/Y (NAND2X1)                    886160.00  187264336.00 r
  U5300/Y (NAND2X1)                    863664.00  188128000.00 f
  U5311/Y (NAND2X1)                    886160.00  189014160.00 r
  U5314/Y (NAND2X1)                    863680.00  189877840.00 f
  U5336/Y (NAND2X1)                    879344.00  190757184.00 r
  U1075/Y (NAND2X1)                    874624.00  191631808.00 f
  U5362/Y (NAND2X1)                    879424.00  192511232.00 r
  U5369/Y (NAND2X1)                    874608.00  193385840.00 f
  U5409/Y (NAND2X1)                    879424.00  194265264.00 r
  U5422/Y (NAND2X1)                    866272.00  195131536.00 f
  U660/Y (AND2X1)                      1853936.00 196985472.00 f
  U5454/Y (NOR2X1)                     1213600.00 198199072.00 r
  U5463/Y (NOR2X1)                     74336.00   198273408.00 f
  U5464/Y (NAND2X1)                    883152.00  199156560.00 r
  U5469/Y (AND2X1)                     781232.00  199937792.00 r
  out[1] (out)                             0.00   199937792.00 r
  data arrival time                               199937792.00

  clock clk (rise edge)                200000000.00
                                                  200000000.00
  clock network delay (ideal)              0.00   200000000.00
  clock reconvergence pessimism            0.00   200000000.00
  output external delay                    0.00   200000000.00
  data required time                              200000000.00
  ---------------------------------------------------------------
  data required time                              200000000.00
  data arrival time                               -199937792.00
  ---------------------------------------------------------------
  slack (MET)                                     62208.00


1
