Information: Updating design information... (UID-85)
 
****************************************
Report : qor
Design : top
Version: S-2021.06-SP2
Date   : Fri Dec  8 20:42:00 2023
****************************************


  Timing Path Group 'clk'
  -----------------------------------
  Levels of Logic:             122.00
  Critical Path Length:  199938544.00
  Critical Path Slack:       61456.00
  Critical Path Clk Period:
                         200000000.00
  Total Negative Slack:          0.00
  No. of Violating Paths:        0.00
  Worst Hold Violation:          0.00
  Total Hold Violation:          0.00
  No. of Hold Violations:        0.00
  -----------------------------------


  Cell Count
  -----------------------------------
  Hierarchical Cell Count:          0
  Hierarchical Port Count:          0
  Leaf Cell Count:               5233
  Buf/Inv Cell Count:            1030
  Buf Cell Count:                   0
  Inv Cell Count:                1030
  CT Buf/Inv Cell Count:            0
  Combinational Cell Count:      5233
  Sequential Cell Count:            0
  Macro Count:                      0
  -----------------------------------


  Area
  -----------------------------------
  Combinational Area:
                    2096225999.000000
  Noncombinational Area:     0.000000
  Buf/Inv Area:      235272600.000000
  Total Buffer Area:             0.00
  Total Inverter Area:   235272600.00
  Macro/Black Box Area:      0.000000
  Net Area:                  0.000000
  -----------------------------------
  Cell Area:        2096225999.000000
  Design Area:      2096225999.000000


  Design Rules
  -----------------------------------
  Total Number of Nets:          5317
  Nets With Violations:          5233
  Max Trans Violations:          5233
  Max Cap Violations:               0
  -----------------------------------


  Hostname: kamino.ceid.upatras.gr

  Compile CPU Statistics
  -----------------------------------------
  Resource Sharing:                    1.27
  Logic Optimization:                  0.96
  Mapping Optimization:                3.93
  -----------------------------------------
  Overall Compile Time:               18.86
  Overall Compile Wall Clock Time:    24.33

  --------------------------------------------------------------------

  Design  WNS: 0.00  TNS: 0.00  Number of Violating Paths: 0


  Design (Hold)  WNS: 0.00  TNS: 0.00  Number of Violating Paths: 0

  --------------------------------------------------------------------


1
