****************************************
Report : Averaged Power
Design : top
Version: T-2022.03-SP5
Date   : Fri Dec  8 20:42:14 2023
****************************************



  Attributes
  ----------
      i  -  Including register clock pin internal power
      u  -  User defined power group

                        Internal  Switching  Leakage    Total
Power Group             Power     Power      Power      Power   (     %)  Attrs
--------------------------------------------------------------------------------
clock_network              0.0000    0.0000    0.0000    0.0000 ( 0.00%)  i
register                   0.0000    0.0000    0.0000    0.0000 ( 0.00%)  
combinational           2.668e-03 1.246e-05    0.0625    0.0652 (100.00%) 
sequential                 0.0000    0.0000    0.0000    0.0000 ( 0.00%)  
memory                     0.0000    0.0000    0.0000    0.0000 ( 0.00%)  
io_pad                     0.0000    0.0000    0.0000    0.0000 ( 0.00%)  
black_box                  0.0000    0.0000    0.0000    0.0000 ( 0.00%)  

  Net Switching Power  = 1.246e-05   ( 0.02%)
  Cell Internal Power  = 2.668e-03   ( 4.09%)
  Cell Leakage Power   =    0.0625   (95.89%)
                         ---------
Total Power            =    0.0652  (100.00%)

1
