 
****************************************
Report : area
Design : top
Version: S-2021.06-SP2
Date   : Fri Dec  8 20:41:41 2023
****************************************

Library(s) Used:

    No libraries used.

Number of ports:                           58
Number of nets:                             0
Number of cells:                            0
Number of combinational cells:              0
Number of sequential cells:                 0
Number of macros/black boxes:               0
Number of buf/inv:                          0
Number of references:                       0

Combinational area:                  0.000000
Buf/Inv area:                        0.000000
Noncombinational area:               0.000000
Macro/Black Box area:                0.000000
Net Interconnect area:      undefined  (No wire load specified)

Total cell area:                     0.000000
Total area:                 undefined

Hierarchical area distribution
------------------------------

                                  Global cell area          Local cell area
                                  ------------------  --------------------------- 
Hierarchical cell                 Absolute   Percent  Combi-    Noncombi-  Black-
                                  Total      Total    national  national   boxes   Design
--------------------------------  ---------  -------  --------  ---------  ------  ---------
top                                  0.0000      0.0    0.0000     0.0000  0.0000  top
--------------------------------  ---------  -------  --------  ---------  ------  ---------
Total                                                   0.0000     0.0000  0.0000

1
