 
****************************************
Report : timing
        -path full
        -delay max
        -max_paths 1
Design : top
Version: S-2021.06-SP2
Date   : Fri Dec  8 20:42:23 2023
****************************************

Operating Conditions: TT   Library: PPDK_Standard_Library_1.0V_25C_TYP_X1
Wire Load Model Mode: top

  Startpoint: inp[55] (input port clocked by clk)
  Endpoint: out[1] (output port clocked by clk)
  Path Group: clk
  Path Type: max

  Point                                    Incr       Path
  -----------------------------------------------------------
  clock clk (rise edge)                    0.00       0.00
  clock network delay (ideal)              0.00       0.00
  input external delay                     0.00       0.00 f
  inp[55] (in)                             0.00       0.00 f
  U1688/Y (XOR2X1)                     5938000.50 5938000.50 r
  U1685/Y (XOR2X1)                     4234700.50 10172701.00 f
  U3253/Y (XOR2X1)                     5731887.00 15904588.00 r
  U1472/Y (AND2X1)                     1821388.00 17725976.00 r
  U1473/Y (INVX1)                      715578.00  18441554.00 f
  U1710/Y (NAND2X1)                    930044.00  19371598.00 r
  U1709/Y (XOR2X1)                     4758374.00 24129972.00 f
  U1708/Y (AND2X1)                     1840896.00 25970868.00 f
  U3272/Y (OR2X1)                      2081216.00 28052084.00 f
  U3297/Y (XOR2X1)                     5309556.00 33361640.00 r
  U3307/Y (XOR2X1)                     4753828.00 38115468.00 f
  U3393/Y (XOR2X1)                     5094348.00 43209816.00 r
  U3518/Y (XOR2X1)                     4753780.00 47963596.00 f
  U1384/Y (OR2X1)                      2061296.00 50024892.00 f
  U3711/Y (NAND2X1)                    1421724.00 51446616.00 r
  U2234/Y (NAND2X1)                    871148.00  52317764.00 f
  U2233/Y (NAND2X1)                    1336024.00 53653788.00 r
  U2092/Y (INVX1)                      1075752.00 54729540.00 f
  U2095/Y (NOR2X1)                     1627556.00 56357096.00 r
  U2090/Y (INVX1)                      1007032.00 57364128.00 f
  U2093/Y (NAND2X1)                    919208.00  58283336.00 r
  U1383/Y (AND2X1)                     915436.00  59198772.00 r
  U1794/Y (NAND2X1)                    943268.00  60142040.00 f
  U1793/Y (NAND2X1)                    1453268.00 61595308.00 r
  U3925/Y (XOR2X1)                     4790060.00 66385368.00 f
  U6612/Y (XOR2X1)                     5745880.00 72131248.00 r
  U6614/Y (NAND2X1)                    846248.00  72977496.00 f
  U6616/Y (NAND2X1)                    897080.00  73874576.00 r
  U6618/Y (OR2X1)                      2653848.00 76528424.00 r
  U1446/Y (AND2X1)                     1886912.00 78415336.00 r
  U1447/Y (INVX1)                      715880.00  79131216.00 f
  U6621/Y (NAND2X1)                    935720.00  80066936.00 r
  U1395/Y (AND2X1)                     751632.00  80818568.00 r
  U1393/Y (OR2X1)                      2359592.00 83178160.00 r
  U1391/Y (NOR2X1)                     916872.00  84095032.00 f
  U1392/Y (INVX1)                      -298672.00 83796360.00 r
  U1442/Y (AND2X1)                     1881288.00 85677648.00 r
  U1443/Y (INVX1)                      715880.00  86393528.00 f
  U6629/Y (NAND2X1)                    935728.00  87329256.00 r
  U2100/Y (OR2X1)                      2594784.00 89924040.00 r
  U1444/Y (AND2X1)                     1886200.00 91810240.00 r
  U1445/Y (INVX1)                      715880.00  92526120.00 f
  U6635/Y (NAND2X1)                    935728.00  93461848.00 r
  U6638/Y (NOR2X1)                     -330792.00 93131056.00 f
  U6639/Y (OR2X1)                      2088232.00 95219288.00 f
  U6641/Y (NAND2X1)                    889856.00  96109144.00 r
  U6660/Y (OR2X1)                      2604952.00 98714096.00 r
  U1449/Y (AND2X1)                     1886024.00 100600120.00 r
  U1450/Y (INVX1)                      715864.00  101315984.00 f
  U6662/Y (NAND2X1)                    935736.00  102251720.00 r
  U6663/Y (OR2X1)                      2604984.00 104856704.00 r
  U1612/Y (AND2X1)                     1353192.00 106209896.00 r
  U845/Y (NOR2X1)                      384616.00  106594512.00 f
  U843/Y (XOR2X1)                      5275136.00 111869648.00 r
  U944/Y (AND2X1)                      1818912.00 113688560.00 r
  U945/Y (INVX1)                       715376.00  114403936.00 f
  U877/Y (AND2X1)                      2039264.00 116443200.00 f
  U878/Y (INVX1)                       -1296656.00
                                                  115146544.00 r
  U2041/Y (NAND2X1)                    800472.00  115947016.00 f
  U2040/Y (NAND2X1)                    1345376.00 117292392.00 r
  U2099/Y (NAND2X1)                    873432.00  118165824.00 f
  U2098/Y (NAND2X1)                    1345440.00 119511264.00 r
  U1453/Y (AND2X1)                     1785584.00 121296848.00 r
  U828/Y (INVX1)                       720024.00  122016872.00 f
  U829/Y (NAND2X1)                     1368600.00 123385472.00 r
  U847/Y (INVX1)                       1116112.00 124501584.00 f
  U1942/Y (NOR2X1)                     1169824.00 125671408.00 r
  U2037/Y (NOR2X1)                     72736.00   125744144.00 f
  U754/Y (NOR2X1)                      1628184.00 127372328.00 r
  U753/Y (INVX1)                       1000592.00 128372920.00 f
  U2042/Y (NAND2X1)                    919208.00  129292128.00 r
  U1806/Y (NAND2X1)                    865416.00  130157544.00 f
  U1805/Y (NAND2X1)                    881208.00  131038752.00 r
  U1804/Y (NAND2X1)                    866456.00  131905208.00 f
  U1961/Y (NAND2X1)                    881208.00  132786416.00 r
  U6894/Y (NAND2X1)                    866456.00  133652872.00 f
  U2008/Y (NAND2X1)                    881848.00  134534720.00 r
  U2007/Y (NAND2X1)                    867248.00  135401968.00 f
  U2006/Y (NAND2X1)                    881840.00  136283808.00 r
  U1775/Y (NAND2X1)                    867248.00  137151056.00 f
  U820/Y (NAND2X1)                     882640.00  138033696.00 r
  U1774/Y (NAND2X1)                    874608.00  138908304.00 f
  U1773/Y (NAND2X1)                    882640.00  139790944.00 r
  U1294/Y (AND2X1)                     1772640.00 141563584.00 r
  U7026/Y (NAND2X1)                    840992.00  142404576.00 f
  U7027/Y (NAND2X1)                    1752608.00 144157184.00 r
  U7028/Y (INVX1)                      1104288.00 145261472.00 f
  U7029/Y (NAND2X1)                    1284272.00 146545744.00 r
  U747/Y (NAND2X1)                     848064.00  147393808.00 f
  U819/Y (NAND2X1)                     879344.00  148273152.00 r
  U1989/Y (NAND2X1)                    866800.00  149139952.00 f
  U1988/Y (NAND2X1)                    881216.00  150021168.00 r
  U2291/Y (NAND2X1)                    866784.00  150887952.00 f
  U1809/Y (NAND2X1)                    881216.00  151769168.00 r
  U1808/Y (NAND2X1)                    866784.00  152635952.00 f
  U1807/Y (NAND2X1)                    881856.00  153517808.00 r
  U1960/Y (NAND2X1)                    866928.00  154384736.00 f
  U1959/Y (NAND2X1)                    881856.00  155266592.00 r
  U1958/Y (NAND2X1)                    866928.00  156133520.00 f
  U835/Y (NAND2X1)                     882640.00  157016160.00 r
  U7173/Y (NAND2X1)                    874608.00  157890768.00 f
  U836/Y (NAND2X1)                     882640.00  158773408.00 r
  U1797/Y (NAND2X1)                    866736.00  159640144.00 f
  U1657/Y (AND2X1)                     2091024.00 161731168.00 f
  U1658/Y (INVX1)                      -1141824.00
                                                  160589344.00 r
  U1796/Y (NAND2X1)                    806528.00  161395872.00 f
  U7194/Y (NAND2X1)                    1757088.00 163152960.00 r
  U8782/Y (INVX1)                      1095792.00 164248752.00 f
  U8783/Y (NAND2X1)                    1284304.00 165533056.00 r
  U767/Y (NAND2X1)                     1126064.00 166659120.00 f
  U766/Y (NAND2X1)                     881216.00  167540336.00 r
  U8794/Y (NAND2X1)                    863680.00  168404016.00 f
  U8803/Y (NAND2X1)                    879344.00  169283360.00 r
  U8805/Y (NAND2X1)                    863680.00  170147040.00 f
  U8823/Y (NAND2X1)                    879344.00  171026384.00 r
  U867/Y (AND2X1)                      1784048.00 172810432.00 r
  U868/Y (INVX1)                       718640.00  173529072.00 f
  U8847/Y (NAND2X1)                    918864.00  174447936.00 r
  U8854/Y (NAND2X1)                    874608.00  175322544.00 f
  U8891/Y (NAND2X1)                    879280.00  176201824.00 r
  U889/Y (NAND2X1)                     866256.00  177068080.00 f
  U871/Y (AND2X1)                      2092400.00 179160480.00 f
  U2299/Y (INVX1)                      -1151776.00
                                                  178008704.00 r
  U1712/Y (NAND2X1)                    806144.00  178814848.00 f
  U1146/Y (AND2X1)                     2441280.00 181256128.00 f
  U8972/Y (NAND2X1)                    855456.00  182111584.00 r
  U8975/Y (NAND2X1)                    866112.00  182977696.00 f
  U2056/Y (NAND2X1)                    879568.00  183857264.00 r
  U2055/Y (NAND2X1)                    848288.00  184705552.00 f
  U2054/Y (NAND2X1)                    881216.00  185586768.00 r
  U2051/Y (NAND2X1)                    864032.00  186450800.00 f
  U2170/Y (NAND2X1)                    882688.00  187333488.00 r
  U2237/Y (NAND2X1)                    866928.00  188200416.00 f
  U2236/Y (NAND2X1)                    881856.00  189082272.00 r
  U2235/Y (NAND2X1)                    866928.00  189949200.00 f
  U2247/Y (NAND2X1)                    882640.00  190831840.00 r
  U2246/Y (NAND2X1)                    865232.00  191697072.00 f
  U2245/Y (NAND2X1)                    882640.00  192579712.00 r
  U2305/Y (NAND2X1)                    866736.00  193446448.00 f
  U2036/Y (AND2X1)                     1861472.00 195307920.00 f
  U2031/Y (NOR2X1)                     1220048.00 196527968.00 r
  U862/Y (AND2X1)                      1006800.00 197534768.00 r
  U827/Y (OR2X1)                       2163216.00 199697984.00 r
  out[1] (out)                             0.00   199697984.00 r
  data arrival time                               199697984.00

  clock clk (rise edge)                200000000.00
                                                  200000000.00
  clock network delay (ideal)              0.00   200000000.00
  output external delay                    0.00   200000000.00
  data required time                              200000000.00
  -----------------------------------------------------------
  data required time                              200000000.00
  data arrival time                               -199697984.00
  -----------------------------------------------------------
  slack (MET)                                     302016.00


1
