****************************************
Report : Averaged Power
Design : top
Version: T-2022.03-SP5
Date   : Fri Dec  8 20:42:53 2023
****************************************



  Attributes
  ----------
      i  -  Including register clock pin internal power
      u  -  User defined power group

                        Internal  Switching  Leakage    Total
Power Group             Power     Power      Power      Power   (     %)  Attrs
--------------------------------------------------------------------------------
clock_network              0.0000    0.0000    0.0000    0.0000 ( 0.00%)  i
register                   0.0000    0.0000    0.0000    0.0000 ( 0.00%)  
combinational           7.084e-03 2.009e-05    0.1178    0.1249 (100.00%) 
sequential                 0.0000    0.0000    0.0000    0.0000 ( 0.00%)  
memory                     0.0000    0.0000    0.0000    0.0000 ( 0.00%)  
io_pad                     0.0000    0.0000    0.0000    0.0000 ( 0.00%)  
black_box                  0.0000    0.0000    0.0000    0.0000 ( 0.00%)  

  Net Switching Power  = 2.009e-05   ( 0.02%)
  Cell Internal Power  = 7.084e-03   ( 5.67%)
  Cell Leakage Power   =    0.1178   (94.31%)
                         ---------
Total Power            =    0.1249  (100.00%)

1
