****************************************
Report : timing
	-path_type full
	-delay_type max
	-max_paths 1
	-sort_by slack
Design : top
Version: T-2022.03-SP5
Date   : Fri Dec  8 20:42:28 2023
****************************************


  Startpoint: inp[55] (input port clocked by clk)
  Endpoint: out[1] (output port clocked by clk)
  Path Group: clk
  Path Type: max

  Point                                    Incr       Path
  ---------------------------------------------------------------
  clock clk (rise edge)                    0.00       0.00
  clock network delay (ideal)              0.00       0.00
  input external delay                     0.00       0.00 f
  inp[55] (in)                             0.00       0.00 f
  U1688/Y (XOR2X1)                     5938000.00 5938000.00 r
  U1685/Y (XOR2X1)                     4234624.00 10172624.00 f
  U3253/Y (XOR2X1)                     5731824.00 15904448.00 r
  U1472/Y (AND2X1)                     1821392.00 17725840.00 r
  U1473/Y (INVX1)                      715584.00  18441424.00 f
  U1710/Y (NAND2X1)                    930048.00  19371472.00 r
  U1709/Y (XOR2X1)                     4758384.00 24129856.00 f
  U1708/Y (AND2X1)                     1840880.00 25970736.00 f
  U3272/Y (OR2X1)                      2081232.00 28051968.00 f
  U3297/Y (XOR2X1)                     5309600.00 33361568.00 r
  U3307/Y (XOR2X1)                     4753840.00 38115408.00 f
  U3393/Y (XOR2X1)                     5094416.00 43209824.00 r
  U3518/Y (XOR2X1)                     4753696.00 47963520.00 f
  U1384/Y (OR2X1)                      2061264.00 50024784.00 f
  U3711/Y (NAND2X1)                    1421728.00 51446512.00 r
  U2234/Y (NAND2X1)                    871136.00  52317648.00 f
  U2233/Y (NAND2X1)                    1336016.00 53653664.00 r
  U2092/Y (INVX1)                      1075744.00 54729408.00 f
  U2095/Y (NOR2X1)                     1627552.00 56356960.00 r
  U2090/Y (INVX1)                      1007024.00 57363984.00 f
  U2093/Y (NAND2X1)                    919200.00  58283184.00 r
  U1383/Y (AND2X1)                     915424.00  59198608.00 r
  U1794/Y (NAND2X1)                    943264.00  60141872.00 f
  U1793/Y (NAND2X1)                    1453280.00 61595152.00 r
  U3925/Y (XOR2X1)                     4790096.00 66385248.00 f
  U6612/Y (XOR2X1)                     5745976.00 72131224.00 r
  U6614/Y (NAND2X1)                    846248.00  72977472.00 f
  U6616/Y (NAND2X1)                    897080.00  73874552.00 r
  U6618/Y (OR2X1)                      2653840.00 76528392.00 r
  U1446/Y (AND2X1)                     1886912.00 78415304.00 r
  U1447/Y (INVX1)                      715888.00  79131192.00 f
  U6621/Y (NAND2X1)                    935720.00  80066912.00 r
  U1395/Y (AND2X1)                     751584.00  80818496.00 r
  U1393/Y (OR2X1)                      2359568.00 83178064.00 r
  U1391/Y (NOR2X1)                     916872.00  84094936.00 f
  U1392/Y (INVX1)                      -298680.00 83796256.00 r
  U1442/Y (AND2X1)                     1881296.00 85677552.00 r
  U1443/Y (INVX1)                      715888.00  86393440.00 f
  U6629/Y (NAND2X1)                    935728.00  87329168.00 r
  U2100/Y (OR2X1)                      2594792.00 89923960.00 r
  U1444/Y (AND2X1)                     1886208.00 91810168.00 r
  U1445/Y (INVX1)                      715888.00  92526056.00 f
  U6635/Y (NAND2X1)                    935728.00  93461784.00 r
  U6638/Y (NOR2X1)                     -330760.00 93131024.00 f
  U6639/Y (OR2X1)                      2088248.00 95219272.00 f
  U6641/Y (NAND2X1)                    889864.00  96109136.00 r
  U6660/Y (OR2X1)                      2604968.00 98714104.00 r
  U1449/Y (AND2X1)                     1886024.00 100600128.00 r
  U1450/Y (INVX1)                      715864.00  101315992.00 f
  U6662/Y (NAND2X1)                    935736.00  102251728.00 r
  U6663/Y (OR2X1)                      2604976.00 104856704.00 r
  U1612/Y (AND2X1)                     1353208.00 106209912.00 r
  U845/Y (NOR2X1)                      384624.00  106594536.00 f
  U843/Y (XOR2X1)                      5275152.00 111869688.00 r
  U944/Y (AND2X1)                      1818920.00 113688608.00 r
  U945/Y (INVX1)                       715384.00  114403992.00 f
  U877/Y (AND2X1)                      2039264.00 116443256.00 f
  U878/Y (INVX1)                       -1296632.00
                                                  115146624.00 r
  U2041/Y (NAND2X1)                    800472.00  115947096.00 f
  U2040/Y (NAND2X1)                    1345384.00 117292480.00 r
  U2099/Y (NAND2X1)                    873440.00  118165920.00 f
  U2098/Y (NAND2X1)                    1345448.00 119511368.00 r
  U1453/Y (AND2X1)                     1785600.00 121296968.00 r
  U828/Y (INVX1)                       720032.00  122017000.00 f
  U829/Y (NAND2X1)                     1368600.00 123385600.00 r
  U847/Y (INVX1)                       1116096.00 124501696.00 f
  U1942/Y (NOR2X1)                     1169824.00 125671520.00 r
  U2037/Y (NOR2X1)                     72760.00   125744280.00 f
  U754/Y (NOR2X1)                      1628176.00 127372456.00 r
  U753/Y (INVX1)                       1000592.00 128373048.00 f
  U2042/Y (NAND2X1)                    919208.00  129292256.00 r
  U1806/Y (NAND2X1)                    865424.00  130157680.00 f
  U1805/Y (NAND2X1)                    881216.00  131038896.00 r
  U1804/Y (NAND2X1)                    866464.00  131905360.00 f
  U1961/Y (NAND2X1)                    881216.00  132786576.00 r
  U6894/Y (NAND2X1)                    866456.00  133653032.00 f
  U2008/Y (NAND2X1)                    881848.00  134534880.00 r
  U2007/Y (NAND2X1)                    867248.00  135402128.00 f
  U2006/Y (NAND2X1)                    881856.00  136283984.00 r
  U1775/Y (NAND2X1)                    867248.00  137151232.00 f
  U820/Y (NAND2X1)                     882640.00  138033872.00 r
  U1774/Y (NAND2X1)                    874624.00  138908496.00 f
  U1773/Y (NAND2X1)                    882624.00  139791120.00 r
  U1294/Y (AND2X1)                     1772624.00 141563744.00 r
  U7026/Y (NAND2X1)                    841008.00  142404752.00 f
  U7027/Y (NAND2X1)                    1752608.00 144157360.00 r
  U7028/Y (INVX1)                      1104288.00 145261648.00 f
  U7029/Y (NAND2X1)                    1284272.00 146545920.00 r
  U747/Y (NAND2X1)                     848064.00  147393984.00 f
  U819/Y (NAND2X1)                     879360.00  148273344.00 r
  U1989/Y (NAND2X1)                    866816.00  149140160.00 f
  U1988/Y (NAND2X1)                    881216.00  150021376.00 r
  U2291/Y (NAND2X1)                    866784.00  150888160.00 f
  U1809/Y (NAND2X1)                    881216.00  151769376.00 r
  U1808/Y (NAND2X1)                    866784.00  152636160.00 f
  U1807/Y (NAND2X1)                    881856.00  153518016.00 r
  U1960/Y (NAND2X1)                    866928.00  154384944.00 f
  U1959/Y (NAND2X1)                    881840.00  155266784.00 r
  U1958/Y (NAND2X1)                    866944.00  156133728.00 f
  U835/Y (NAND2X1)                     882640.00  157016368.00 r
  U7173/Y (NAND2X1)                    874608.00  157890976.00 f
  U836/Y (NAND2X1)                     882656.00  158773632.00 r
  U1797/Y (NAND2X1)                    866752.00  159640384.00 f
  U1657/Y (AND2X1)                     2091008.00 161731392.00 f
  U1658/Y (INVX1)                      -1141840.00
                                                  160589552.00 r
  U1796/Y (NAND2X1)                    806512.00  161396064.00 f
  U7194/Y (NAND2X1)                    1757088.00 163153152.00 r
  U8782/Y (INVX1)                      1095792.00 164248944.00 f
  U8783/Y (NAND2X1)                    1284304.00 165533248.00 r
  U767/Y (NAND2X1)                     1126048.00 166659296.00 f
  U766/Y (NAND2X1)                     881232.00  167540528.00 r
  U8794/Y (NAND2X1)                    863680.00  168404208.00 f
  U8803/Y (NAND2X1)                    879344.00  169283552.00 r
  U8805/Y (NAND2X1)                    863680.00  170147232.00 f
  U8823/Y (NAND2X1)                    879344.00  171026576.00 r
  U867/Y (AND2X1)                      1784048.00 172810624.00 r
  U868/Y (INVX1)                       718656.00  173529280.00 f
  U8847/Y (NAND2X1)                    918864.00  174448144.00 r
  U8854/Y (NAND2X1)                    874624.00  175322768.00 f
  U8891/Y (NAND2X1)                    879280.00  176202048.00 r
  U889/Y (NAND2X1)                     866256.00  177068304.00 f
  U871/Y (AND2X1)                      2092400.00 179160704.00 f
  U2299/Y (INVX1)                      -1151776.00
                                                  178008928.00 r
  U1712/Y (NAND2X1)                    806144.00  178815072.00 f
  U1146/Y (AND2X1)                     2441280.00 181256352.00 f
  U8972/Y (NAND2X1)                    855456.00  182111808.00 r
  U8975/Y (NAND2X1)                    866128.00  182977936.00 f
  U2056/Y (NAND2X1)                    879568.00  183857504.00 r
  U2055/Y (NAND2X1)                    848288.00  184705792.00 f
  U2054/Y (NAND2X1)                    881232.00  185587024.00 r
  U2051/Y (NAND2X1)                    864048.00  186451072.00 f
  U2170/Y (NAND2X1)                    882688.00  187333760.00 r
  U2237/Y (NAND2X1)                    866928.00  188200688.00 f
  U2236/Y (NAND2X1)                    881856.00  189082544.00 r
  U2235/Y (NAND2X1)                    866928.00  189949472.00 f
  U2247/Y (NAND2X1)                    882640.00  190832112.00 r
  U2246/Y (NAND2X1)                    865248.00  191697360.00 f
  U2245/Y (NAND2X1)                    882640.00  192580000.00 r
  U2305/Y (NAND2X1)                    866752.00  193446752.00 f
  U2036/Y (AND2X1)                     1861456.00 195308208.00 f
  U2031/Y (NOR2X1)                     1220080.00 196528288.00 r
  U862/Y (AND2X1)                      1006752.00 197535040.00 r
  U827/Y (OR2X1)                       2163232.00 199698272.00 r
  out[1] (out)                             0.00   199698272.00 r
  data arrival time                               199698272.00

  clock clk (rise edge)                200000000.00
                                                  200000000.00
  clock network delay (ideal)              0.00   200000000.00
  clock reconvergence pessimism            0.00   200000000.00
  output external delay                    0.00   200000000.00
  data required time                              200000000.00
  ---------------------------------------------------------------
  data required time                              200000000.00
  data arrival time                               -199698272.00
  ---------------------------------------------------------------
  slack (MET)                                     301728.00


1
