 
****************************************
Report : timing
        -path full
        -delay max
        -max_paths 1
Design : top
Version: S-2021.06-SP2
Date   : Fri Dec  8 20:41:57 2023
****************************************

Operating Conditions: TT   Library: PPDK_Standard_Library_1.0V_25C_TYP_X1
Wire Load Model Mode: top

  Startpoint: inp[11] (input port clocked by clk)
  Endpoint: out[0] (output port clocked by clk)
  Path Group: clk
  Path Type: max

  Point                                    Incr       Path
  -----------------------------------------------------------
  clock clk (rise edge)                    0.00       0.00
  clock network delay (ideal)              0.00       0.00
  input external delay                     0.00       0.00 f
  inp[11] (in)                             0.00       0.00 f
  U798/Y (INVX1)                       589082.44  589082.44 r
  U690/Y (AND2X1)                      2203586.75 2792669.25 r
  U691/Y (INVX1)                       717480.75  3510150.00 f
  U1036/Y (NAND2X1)                    1291727.00 4801877.00 r
  U1037/Y (NOR2X1)                     1075430.50 5877307.50 f
  U1068/Y (NAND2X1)                    1369758.50 7247066.00 r
  U1071/Y (NAND2X1)                    863689.50  8110755.50 f
  U1073/Y (XOR2X1)                     5352021.50 13462777.00 r
  U335/Y (XNOR2X1)                     5483995.00 18946772.00 r
  U336/Y (INVX1)                       964510.00  19911282.00 f
  U1114/Y (NAND2X1)                    920646.00  20831928.00 r
  U1115/Y (NAND2X1)                    1126564.00 21958492.00 f
  U1118/Y (NAND2X1)                    1342754.00 23301246.00 r
  U1119/Y (INVX1)                      1096010.00 24397256.00 f
  U1121/Y (NAND2X1)                    1357538.00 25754794.00 r
  U423/Y (INVX1)                       941456.00  26696250.00 f
  U424/Y (INVX1)                       445838.00  27142088.00 r
  U1124/Y (NAND2X1)                    803246.00  27945334.00 f
  U1136/Y (XOR2X1)                     5292864.00 33238198.00 r
  U1162/Y (OR2X1)                      2322866.00 35561064.00 r
  U1165/Y (NAND2X1)                    801408.00  36362472.00 f
  U1169/Y (NAND2X1)                    891952.00  37254424.00 r
  U580/Y (AND2X1)                      1794472.00 39048896.00 r
  U581/Y (INVX1)                       707700.00  39756596.00 f
  U1171/Y (NAND2X1)                    1291616.00 41048212.00 r
  U1173/Y (NAND2X1)                    1128260.00 42176472.00 f
  U1214/Y (NAND2X1)                    1394856.00 43571328.00 r
  U1215/Y (NAND2X1)                    1234828.00 44806156.00 f
  U1220/Y (NAND2X1)                    1399876.00 46206032.00 r
  U582/Y (AND2X1)                      1795312.00 48001344.00 r
  U583/Y (INVX1)                       715440.00  48716784.00 f
  U1223/Y (NAND2X1)                    1291592.00 50008376.00 r
  U1224/Y (NAND2X1)                    1230548.00 51238924.00 f
  U1225/Y (INVX1)                      -549188.00 50689736.00 r
  U735/Y (AND2X1)                      1880956.00 52570692.00 r
  U736/Y (INVX1)                       715088.00  53285780.00 f
  U145/Y (AND2X1)                      2457888.00 55743668.00 f
  U146/Y (INVX1)                       -125832.00 55617836.00 r
  U479/Y (INVX1)                       713796.00  56331632.00 f
  U480/Y (INVX1)                       973324.00  57304956.00 r
  U1289/Y (INVX1)                      646752.00  57951708.00 f
  U728/Y (AND2X1)                      2460728.00 60412436.00 f
  U1430/Y (NAND2X1)                    859680.00  61272116.00 r
  U558/Y (AND2X1)                      1818432.00 63090548.00 r
  U559/Y (INVX1)                       714712.00  63805260.00 f
  U1431/Y (NAND2X1)                    930212.00  64735472.00 r
  U1434/Y (OR2X1)                      2337460.00 67072932.00 r
  U510/Y (AND2X1)                      2196668.00 69269600.00 r
  U511/Y (INVX1)                       708368.00  69977968.00 f
  U1435/Y (NAND2X1)                    1362952.00 71340920.00 r
  U1438/Y (INVX1)                      1101240.00 72442160.00 f
  U1439/Y (NAND2X1)                    924992.00  73367152.00 r
  U161/Y (AND2X1)                      2165488.00 75532640.00 r
  U162/Y (INVX1)                       718520.00  76251160.00 f
  U1440/Y (NAND2X1)                    1752760.00 78003920.00 r
  U1443/Y (INVX1)                      1216880.00 79220800.00 f
  U1444/Y (NAND2X1)                    925128.00  80145928.00 r
  U163/Y (AND2X1)                      2165488.00 82311416.00 r
  U164/Y (INVX1)                       718520.00  83029936.00 f
  U1445/Y (NAND2X1)                    1362952.00 84392888.00 r
  U1446/Y (NAND2X1)                    1155384.00 85548272.00 f
  U1466/Y (NAND2X1)                    885160.00  86433432.00 r
  U1467/Y (XOR2X1)                     4267512.00 90700944.00 f
  U1474/Y (XOR2X1)                     5078312.00 95779256.00 r
  U1477/Y (OR2X1)                      2349352.00 98128608.00 r
  U532/Y (AND2X1)                      2196640.00 100325248.00 r
  U533/Y (INVX1)                       708592.00  101033840.00 f
  U1535/Y (XOR2X1)                     4919880.00 105953720.00 r
  U602/Y (AND2X1)                      2173560.00 108127280.00 r
  U603/Y (INVX1)                       715896.00  108843176.00 f
  U1537/Y (NAND2X1)                    930064.00  109773240.00 r
  U1538/Y (NAND2X1)                    1151216.00 110924456.00 f
  U279/Y (AND2X1)                      2045992.00 112970448.00 f
  U280/Y (INVX1)                       -1327736.00
                                                  111642712.00 r
  U1545/Y (OR2X1)                      1641280.00 113283992.00 r
  U259/Y (AND2X1)                      2196640.00 115480632.00 r
  U260/Y (INVX1)                       708600.00  116189232.00 f
  U1548/Y (NAND2X1)                    1357264.00 117546496.00 r
  U409/Y (INVX1)                       978200.00  118524696.00 f
  U410/Y (INVX1)                       445344.00  118970040.00 r
  U1549/Y (NAND2X1)                    1053944.00 120023984.00 f
  U1551/Y (AND2X1)                     1855352.00 121879336.00 f
  U1553/Y (NAND2X1)                    868152.00  122747488.00 r
  U1554/Y (NAND2X1)                    1152400.00 123899888.00 f
  U1556/Y (NAND2X1)                    1341912.00 125241800.00 r
  U1732/Y (INVX1)                      1073216.00 126315016.00 f
  U1733/Y (NAND2X1)                    919288.00  127234304.00 r
  U1734/Y (NAND2X1)                    931456.00  128165760.00 f
  U485/Y (INVX1)                       227976.00  128393736.00 r
  U486/Y (INVX1)                       666344.00  129060080.00 f
  U741/Y (INVX1)                       448104.00  129508184.00 r
  U219/Y (AND2X1)                      2198320.00 131706504.00 r
  U220/Y (INVX1)                       707832.00  132414336.00 f
  U1799/Y (NOR2X1)                     1169496.00 133583832.00 r
  U1801/Y (NOR2X1)                     92472.00   133676304.00 f
  U1811/Y (NOR2X1)                     1190928.00 134867232.00 r
  U1814/Y (NAND2X1)                    833904.00  135701136.00 f
  U1816/Y (NAND2X1)                    1341904.00 137043040.00 r
  U1822/Y (INVX1)                      1116592.00 138159632.00 f
  U1823/Y (NAND2X1)                    1284240.00 139443872.00 r
  U1824/Y (NAND2X1)                    1230416.00 140674288.00 f
  U1825/Y (INVX1)                      -559248.00 140115040.00 r
  U313/Y (AND2X1)                      1881456.00 141996496.00 r
  U314/Y (INVX1)                       713456.00  142709952.00 f
  U1832/Y (NAND2X1)                    918864.00  143628816.00 r
  U1834/Y (NAND2X1)                    849360.00  144478176.00 f
  U1843/Y (OR2X1)                      2088976.00 146567152.00 f
  U512/Y (AND2X1)                      2434368.00 149001520.00 f
  U513/Y (INVX1)                       -1340448.00
                                                  147661072.00 r
  U1844/Y (NAND2X1)                    1049888.00 148710960.00 f
  U1845/Y (NAND2X1)                    1380352.00 150091312.00 r
  U556/Y (AND2X1)                      1798496.00 151889808.00 r
  U557/Y (INVX1)                       714496.00  152604304.00 f
  U1851/Y (NAND2X1)                    1285600.00 153889904.00 r
  U1852/Y (AND2X1)                     914096.00  154804000.00 r
  U1856/Y (NOR2X1)                       816.00   154804816.00 f
  U710/Y (AND2X1)                      2440992.00 157245808.00 f
  U711/Y (INVX1)                       -286656.00 156959152.00 r
  U1876/Y (INVX1)                      663600.00  157622752.00 f
  U1884/Y (NAND2X1)                    924144.00  158546896.00 r
  U1888/Y (OR2X1)                      2594912.00 161141808.00 r
  U1895/Y (NAND2X1)                    799184.00  161940992.00 f
  U1897/Y (NAND2X1)                    881168.00  162822160.00 r
  U1898/Y (NAND2X1)                    1154768.00 163976928.00 f
  U1900/Y (NAND2X1)                    885264.00  164862192.00 r
  U181/Y (AND2X1)                      2165104.00 167027296.00 r
  U182/Y (INVX1)                       718656.00  167745952.00 f
  U1913/Y (NAND2X1)                    918880.00  168664832.00 r
  U1914/Y (NAND2X1)                    1153296.00 169818128.00 f
  U1918/Y (NAND2X1)                    885360.00  170703488.00 r
  U1922/Y (NAND2X1)                    1154000.00 171857488.00 f
  U1927/Y (NAND2X1)                    879408.00  172736896.00 r
  U1928/Y (NAND2X1)                    1153312.00 173890208.00 f
  U1929/Y (NAND2X1)                    1399808.00 175290016.00 r
  U1936/Y (NAND2X1)                    866816.00  176156832.00 f
  U191/Y (AND2X1)                      2438624.00 178595456.00 f
  U192/Y (INVX1)                       -1313040.00
                                                  177282416.00 r
  U1938/Y (NAND2X1)                    800464.00  178082880.00 f
  U1939/Y (NAND2X1)                    1399792.00 179482672.00 r
  U239/Y (AND2X1)                      1794336.00 181277008.00 r
  U240/Y (INVX1)                       707584.00  181984592.00 f
  U1941/Y (NOR2X1)                     1157584.00 183142176.00 r
  U1942/Y (NOR2X1)                     104624.00  183246800.00 f
  U1949/Y (NAND2X1)                    885312.00  184132112.00 r
  U1951/Y (NAND2X1)                    866000.00  184998112.00 f
  U1952/Y (NAND2X1)                    1394752.00 186392864.00 r
  U514/Y (AND2X1)                      1795408.00 188188272.00 r
  U515/Y (INVX1)                       707360.00  188895632.00 f
  U1954/Y (NOR2X1)                     1157504.00 190053136.00 r
  U1956/Y (NAND2X1)                    830224.00  190883360.00 f
  U1957/Y (NOR2X1)                     1190816.00 192074176.00 r
  out[0] (out)                             0.00   192074176.00 r
  data arrival time                               192074176.00

  clock clk (rise edge)                200000000.00
                                                  200000000.00
  clock network delay (ideal)              0.00   200000000.00
  output external delay                    0.00   200000000.00
  data required time                              200000000.00
  -----------------------------------------------------------
  data required time                              200000000.00
  data arrival time                               -192074176.00
  -----------------------------------------------------------
  slack (MET)                                     7925824.00


1
