****************************************
Report : timing
	-path_type full
	-delay_type max
	-max_paths 1
	-sort_by slack
Design : top
Version: T-2022.03-SP5
Date   : Fri Dec  8 20:42:07 2023
****************************************


  Startpoint: inp[11] (input port clocked by clk)
  Endpoint: out[0] (output port clocked by clk)
  Path Group: clk
  Path Type: max

  Point                                    Incr       Path
  ---------------------------------------------------------------
  clock clk (rise edge)                    0.00       0.00
  clock network delay (ideal)              0.00       0.00
  input external delay                     0.00       0.00 f
  inp[11] (in)                             0.00       0.00 f
  U798/Y (INVX1)                       589088.00  589088.00 r
  U690/Y (AND2X1)                      2203600.00 2792688.00 r
  U691/Y (INVX1)                       717472.00  3510160.00 f
  U1036/Y (NAND2X1)                    1291728.00 4801888.00 r
  U1037/Y (NOR2X1)                     1075424.00 5877312.00 f
  U1068/Y (NAND2X1)                    1369760.00 7247072.00 r
  U1071/Y (NAND2X1)                    863696.00  8110768.00 f
  U1073/Y (XOR2X1)                     5352032.00 13462800.00 r
  U335/Y (XNOR2X1)                     5484000.00 18946800.00 r
  U336/Y (INVX1)                       964512.00  19911312.00 f
  U1114/Y (NAND2X1)                    920640.00  20831952.00 r
  U1115/Y (NAND2X1)                    1126544.00 21958496.00 f
  U1118/Y (NAND2X1)                    1342768.00 23301264.00 r
  U1119/Y (INVX1)                      1096000.00 24397264.00 f
  U1121/Y (NAND2X1)                    1357536.00 25754800.00 r
  U423/Y (INVX1)                       941456.00  26696256.00 f
  U424/Y (INVX1)                       445840.00  27142096.00 r
  U1124/Y (NAND2X1)                    803248.00  27945344.00 f
  U1136/Y (XOR2X1)                     5292896.00 33238240.00 r
  U1162/Y (OR2X1)                      2322896.00 35561136.00 r
  U1165/Y (NAND2X1)                    801408.00  36362544.00 f
  U1169/Y (NAND2X1)                    891952.00  37254496.00 r
  U580/Y (AND2X1)                      1794480.00 39048976.00 r
  U581/Y (INVX1)                       707696.00  39756672.00 f
  U1171/Y (NAND2X1)                    1291616.00 41048288.00 r
  U1173/Y (NAND2X1)                    1128272.00 42176560.00 f
  U1214/Y (NAND2X1)                    1394848.00 43571408.00 r
  U1215/Y (NAND2X1)                    1234832.00 44806240.00 f
  U1220/Y (NAND2X1)                    1399872.00 46206112.00 r
  U582/Y (AND2X1)                      1795328.00 48001440.00 r
  U583/Y (INVX1)                       715440.00  48716880.00 f
  U1223/Y (NAND2X1)                    1291600.00 50008480.00 r
  U1224/Y (NAND2X1)                    1230544.00 51239024.00 f
  U1225/Y (INVX1)                      -549200.00 50689824.00 r
  U735/Y (AND2X1)                      1880960.00 52570784.00 r
  U736/Y (INVX1)                       715088.00  53285872.00 f
  U145/Y (AND2X1)                      2457888.00 55743760.00 f
  U146/Y (INVX1)                       -125808.00 55617952.00 r
  U479/Y (INVX1)                       713792.00  56331744.00 f
  U480/Y (INVX1)                       973328.00  57305072.00 r
  U1289/Y (INVX1)                      646752.00  57951824.00 f
  U728/Y (AND2X1)                      2460728.00 60412552.00 f
  U1430/Y (NAND2X1)                    859672.00  61272224.00 r
  U558/Y (AND2X1)                      1818440.00 63090664.00 r
  U559/Y (INVX1)                       714720.00  63805384.00 f
  U1431/Y (NAND2X1)                    930208.00  64735592.00 r
  U1434/Y (OR2X1)                      2337488.00 67073080.00 r
  U510/Y (AND2X1)                      2196656.00 69269736.00 r
  U511/Y (INVX1)                       708368.00  69978104.00 f
  U1435/Y (NAND2X1)                    1362952.00 71341056.00 r
  U1438/Y (INVX1)                      1101232.00 72442288.00 f
  U1439/Y (NAND2X1)                    924992.00  73367280.00 r
  U161/Y (AND2X1)                      2165464.00 75532744.00 r
  U162/Y (INVX1)                       718528.00  76251272.00 f
  U1440/Y (NAND2X1)                    1752760.00 78004032.00 r
  U1443/Y (INVX1)                      1216880.00 79220912.00 f
  U1444/Y (NAND2X1)                    925128.00  80146040.00 r
  U163/Y (AND2X1)                      2165464.00 82311504.00 r
  U164/Y (INVX1)                       718528.00  83030032.00 f
  U1445/Y (NAND2X1)                    1362952.00 84392984.00 r
  U1446/Y (NAND2X1)                    1155384.00 85548368.00 f
  U1466/Y (NAND2X1)                    885160.00  86433528.00 r
  U1467/Y (XOR2X1)                     4267440.00 90700968.00 f
  U1474/Y (XOR2X1)                     5078392.00 95779360.00 r
  U1477/Y (OR2X1)                      2349376.00 98128736.00 r
  U532/Y (AND2X1)                      2196632.00 100325368.00 r
  U533/Y (INVX1)                       708600.00  101033968.00 f
  U1535/Y (XOR2X1)                     4919880.00 105953848.00 r
  U602/Y (AND2X1)                      2173536.00 108127384.00 r
  U603/Y (INVX1)                       715896.00  108843280.00 f
  U1537/Y (NAND2X1)                    930064.00  109773344.00 r
  U1538/Y (NAND2X1)                    1151232.00 110924576.00 f
  U279/Y (AND2X1)                      2045984.00 112970560.00 f
  U280/Y (INVX1)                       -1327744.00
                                                  111642816.00 r
  U1545/Y (OR2X1)                      1641288.00 113284104.00 r
  U259/Y (AND2X1)                      2196632.00 115480736.00 r
  U260/Y (INVX1)                       708600.00  116189336.00 f
  U1548/Y (NAND2X1)                    1357264.00 117546600.00 r
  U409/Y (INVX1)                       978192.00  118524792.00 f
  U410/Y (INVX1)                       445344.00  118970136.00 r
  U1549/Y (NAND2X1)                    1053944.00 120024080.00 f
  U1551/Y (AND2X1)                     1855352.00 121879432.00 f
  U1553/Y (NAND2X1)                    868152.00  122747584.00 r
  U1554/Y (NAND2X1)                    1152400.00 123899984.00 f
  U1556/Y (NAND2X1)                    1341920.00 125241904.00 r
  U1732/Y (INVX1)                      1073216.00 126315120.00 f
  U1733/Y (NAND2X1)                    919288.00  127234408.00 r
  U1734/Y (NAND2X1)                    931456.00  128165864.00 f
  U485/Y (INVX1)                       227976.00  128393840.00 r
  U486/Y (INVX1)                       666336.00  129060176.00 f
  U741/Y (INVX1)                       448112.00  129508288.00 r
  U219/Y (AND2X1)                      2198312.00 131706600.00 r
  U220/Y (INVX1)                       707832.00  132414432.00 f
  U1799/Y (NOR2X1)                     1169496.00 133583928.00 r
  U1801/Y (NOR2X1)                     92480.00   133676408.00 f
  U1811/Y (NOR2X1)                     1190920.00 134867328.00 r
  U1814/Y (NAND2X1)                    833904.00  135701232.00 f
  U1816/Y (NAND2X1)                    1341920.00 137043152.00 r
  U1822/Y (INVX1)                      1116592.00 138159744.00 f
  U1823/Y (NAND2X1)                    1284224.00 139443968.00 r
  U1824/Y (NAND2X1)                    1230416.00 140674384.00 f
  U1825/Y (INVX1)                      -559232.00 140115152.00 r
  U313/Y (AND2X1)                      1881456.00 141996608.00 r
  U314/Y (INVX1)                       713456.00  142710064.00 f
  U1832/Y (NAND2X1)                    918864.00  143628928.00 r
  U1834/Y (NAND2X1)                    849376.00  144478304.00 f
  U1843/Y (OR2X1)                      2088992.00 146567296.00 f
  U512/Y (AND2X1)                      2434368.00 149001664.00 f
  U513/Y (INVX1)                       -1340464.00
                                                  147661200.00 r
  U1844/Y (NAND2X1)                    1049888.00 148711088.00 f
  U1845/Y (NAND2X1)                    1380336.00 150091424.00 r
  U556/Y (AND2X1)                      1798512.00 151889936.00 r
  U557/Y (INVX1)                       714496.00  152604432.00 f
  U1851/Y (NAND2X1)                    1285616.00 153890048.00 r
  U1852/Y (AND2X1)                     914112.00  154804160.00 r
  U1856/Y (NOR2X1)                       832.00   154804992.00 f
  U710/Y (AND2X1)                      2440992.00 157245984.00 f
  U711/Y (INVX1)                       -286704.00 156959280.00 r
  U1876/Y (INVX1)                      663600.00  157622880.00 f
  U1884/Y (NAND2X1)                    924160.00  158547040.00 r
  U1888/Y (OR2X1)                      2594848.00 161141888.00 r
  U1895/Y (NAND2X1)                    799184.00  161941072.00 f
  U1897/Y (NAND2X1)                    881168.00  162822240.00 r
  U1898/Y (NAND2X1)                    1154768.00 163977008.00 f
  U1900/Y (NAND2X1)                    885280.00  164862288.00 r
  U181/Y (AND2X1)                      2165056.00 167027344.00 r
  U182/Y (INVX1)                       718656.00  167746000.00 f
  U1913/Y (NAND2X1)                    918880.00  168664880.00 r
  U1914/Y (NAND2X1)                    1153296.00 169818176.00 f
  U1918/Y (NAND2X1)                    885360.00  170703536.00 r
  U1922/Y (NAND2X1)                    1153984.00 171857520.00 f
  U1927/Y (NAND2X1)                    879408.00  172736928.00 r
  U1928/Y (NAND2X1)                    1153344.00 173890272.00 f
  U1929/Y (NAND2X1)                    1399808.00 175290080.00 r
  U1936/Y (NAND2X1)                    866832.00  176156912.00 f
  U191/Y (AND2X1)                      2438624.00 178595536.00 f
  U192/Y (INVX1)                       -1313040.00
                                                  177282496.00 r
  U1938/Y (NAND2X1)                    800480.00  178082976.00 f
  U1939/Y (NAND2X1)                    1399776.00 179482752.00 r
  U239/Y (AND2X1)                      1794336.00 181277088.00 r
  U240/Y (INVX1)                       707584.00  181984672.00 f
  U1941/Y (NOR2X1)                     1157584.00 183142256.00 r
  U1942/Y (NOR2X1)                     104624.00  183246880.00 f
  U1949/Y (NAND2X1)                    885328.00  184132208.00 r
  U1951/Y (NAND2X1)                    866016.00  184998224.00 f
  U1952/Y (NAND2X1)                    1394736.00 186392960.00 r
  U514/Y (AND2X1)                      1795424.00 188188384.00 r
  U515/Y (INVX1)                       707360.00  188895744.00 f
  U1954/Y (NOR2X1)                     1157504.00 190053248.00 r
  U1956/Y (NAND2X1)                    830208.00  190883456.00 f
  U1957/Y (NOR2X1)                     1190816.00 192074272.00 r
  out[0] (out)                             0.00   192074272.00 r
  data arrival time                               192074272.00

  clock clk (rise edge)                200000000.00
                                                  200000000.00
  clock network delay (ideal)              0.00   200000000.00
  clock reconvergence pessimism            0.00   200000000.00
  output external delay                    0.00   200000000.00
  data required time                              200000000.00
  ---------------------------------------------------------------
  data required time                              200000000.00
  data arrival time                               -192074272.00
  ---------------------------------------------------------------
  slack (MET)                                     7925728.00


1
